{"numFailedTestSuites":0,"numFailedTests":0,"numPassedTestSuites":18,"numPassedTests":220,"numPendingTestSuites":0,"numPendingTests":0,"numRuntimeErrorTestSuites":0,"numTotalTestSuites":18,"numTotalTests":220,"snapshot":{"added":0,"didUpdate":false,"failure":false,"filesAdded":0,"filesRemoved":0,"filesUnmatched":0,"filesUpdated":0,"matched":46,"total":46,"unchecked":0,"uncheckedKeys":[],"unmatched":0,"updated":0},"startTime":1534594888368,"success":true,"testResults":[{"assertionResults":[{"ancestorTitles":["utils"],"failureMessages":[],"fullName":"utils #getComponentWrapper","location":null,"status":"passed","title":"#getComponentWrapper"}],"endTime":1534594912430,"message":"","name":"/home/travis/build/springload/draftail/lib/utils/utils.test.js","startTime":1534594901851,"status":"passed","summary":""},{"assertionResults":[{"ancestorTitles":["Icon"],"failureMessages":[],"fullName":"Icon #className","location":null,"status":"passed","title":"#className"},{"ancestorTitles":["Icon"],"failureMessages":[],"fullName":"Icon #title","location":null,"status":"passed","title":"#title"},{"ancestorTitles":["Icon","#icon"],"failureMessages":[],"fullName":"Icon #icon svg path","location":null,"status":"passed","title":"svg path"},{"ancestorTitles":["Icon","#icon"],"failureMessages":[],"fullName":"Icon #icon svg path array","location":null,"status":"passed","title":"svg path array"},{"ancestorTitles":["Icon","#icon"],"failureMessages":[],"fullName":"Icon #icon inline svg ref","location":null,"status":"passed","title":"inline svg ref"},{"ancestorTitles":["Icon","#icon"],"failureMessages":[],"fullName":"Icon #icon external svg ref","location":null,"status":"passed","title":"external svg ref"},{"ancestorTitles":["Icon","#icon"],"failureMessages":[],"fullName":"Icon #icon custom","location":null,"status":"passed","title":"custom"}],"endTime":1534594912421,"message":"","name":"/home/travis/build/springload/draftail/lib/components/Icon.test.js","startTime":1534594900952,"status":"passed","summary":""},{"assertionResults":[{"ancestorTitles":["ToolbarGroup"],"failureMessages":[],"fullName":"ToolbarGroup children","location":null,"status":"passed","title":"children"},{"ancestorTitles":["ToolbarGroup"],"failureMessages":[],"fullName":"ToolbarGroup empty","location":null,"status":"passed","title":"empty"},{"ancestorTitles":["ToolbarGroup"],"failureMessages":[],"fullName":"ToolbarGroup empty children","location":null,"status":"passed","title":"empty children"},{"ancestorTitles":["ToolbarGroup"],"failureMessages":[],"fullName":"ToolbarGroup empty array children","location":null,"status":"passed","title":"empty array children"}],"endTime":1534594912943,"message":"","name":"/home/travis/build/springload/draftail/lib/components/ToolbarGroup.test.js","startTime":1534594903563,"status":"passed","summary":""},{"assertionResults":[{"ancestorTitles":["Tooltip"],"failureMessages":[],"fullName":"Tooltip #direction top","location":null,"status":"passed","title":"#direction top"},{"ancestorTitles":["Tooltip"],"failureMessages":[],"fullName":"Tooltip #direction left","location":null,"status":"passed","title":"#direction left"},{"ancestorTitles":["Tooltip"],"failureMessages":[],"fullName":"Tooltip #direction top-left","location":null,"status":"passed","title":"#direction top-left"}],"endTime":1534594913093,"message":"","name":"/home/travis/build/springload/draftail/examples/components/Tooltip.test.js","startTime":1534594901940,"status":"passed","summary":""},{"assertionResults":[{"ancestorTitles":["DividerBlock"],"failureMessages":[],"fullName":"DividerBlock basic","location":null,"status":"passed","title":"basic"}],"endTime":1534594913275,"message":"","name":"/home/travis/build/springload/draftail/lib/blocks/DividerBlock.test.js","startTime":1534594901355,"status":"passed","summary":""},{"assertionResults":[{"ancestorTitles":["conversion","#createEditorState"],"failureMessages":[],"fullName":"conversion #createEditorState creates state from real content","location":null,"status":"passed","title":"creates state from real content"},{"ancestorTitles":["conversion","#serialiseEditorState"],"failureMessages":[],"fullName":"conversion #serialiseEditorState keeps real content","location":null,"status":"passed","title":"keeps real content"},{"ancestorTitles":["conversion","#serialiseEditorState"],"failureMessages":[],"fullName":"conversion #serialiseEditorState discards empty content","location":null,"status":"passed","title":"discards empty content"},{"ancestorTitles":["conversion","#serialiseEditorState"],"failureMessages":[],"fullName":"conversion #serialiseEditorState discards content with only empty text","location":null,"status":"passed","title":"discards content with only empty text"}],"endTime":1534594913714,"message":"","name":"/home/travis/build/springload/draftail/lib/api/conversion.test.js","startTime":1534594901358,"status":"passed","summary":""},{"assertionResults":[{"ancestorTitles":["ToolbarButton"],"failureMessages":[],"fullName":"ToolbarButton empty","location":null,"status":"passed","title":"empty"},{"ancestorTitles":["ToolbarButton"],"failureMessages":[],"fullName":"ToolbarButton #name","location":null,"status":"passed","title":"#name"},{"ancestorTitles":["ToolbarButton"],"failureMessages":[],"fullName":"ToolbarButton #label","location":null,"status":"passed","title":"#label"},{"ancestorTitles":["ToolbarButton"],"failureMessages":[],"fullName":"ToolbarButton #icon","location":null,"status":"passed","title":"#icon"},{"ancestorTitles":["ToolbarButton"],"failureMessages":[],"fullName":"ToolbarButton #active","location":null,"status":"passed","title":"#active"},{"ancestorTitles":["ToolbarButton"],"failureMessages":[],"fullName":"ToolbarButton #title","location":null,"status":"passed","title":"#title"},{"ancestorTitles":["ToolbarButton"],"failureMessages":[],"fullName":"ToolbarButton #onClick","location":null,"status":"passed","title":"#onClick"},{"ancestorTitles":["ToolbarButton"],"failureMessages":[],"fullName":"ToolbarButton stops showing tooltip on click","location":null,"status":"passed","title":"stops showing tooltip on click"}],"endTime":1534594915423,"message":"","name":"/home/travis/build/springload/draftail/lib/components/ToolbarButton.test.js","startTime":1534594901359,"status":"passed","summary":""},{"assertionResults":[{"ancestorTitles":["Portal"],"failureMessages":[],"fullName":"Portal empty","location":null,"status":"passed","title":"empty"},{"ancestorTitles":["Portal"],"failureMessages":[],"fullName":"Portal #children","location":null,"status":"passed","title":"#children"},{"ancestorTitles":["Portal"],"failureMessages":[],"fullName":"Portal component lifecycle","location":null,"status":"passed","title":"component lifecycle"},{"ancestorTitles":["Portal","#onClose"],"failureMessages":[],"fullName":"Portal #onClose #closeOnClick","location":null,"status":"passed","title":"#closeOnClick"},{"ancestorTitles":["Portal","#onClose"],"failureMessages":[],"fullName":"Portal #onClose #closeOnType","location":null,"status":"passed","title":"#closeOnType"},{"ancestorTitles":["Portal","#onClose"],"failureMessages":[],"fullName":"Portal #onClose #closeOnResize","location":null,"status":"passed","title":"#closeOnResize"},{"ancestorTitles":["Portal","onCloseEvent"],"failureMessages":[],"fullName":"Portal onCloseEvent shouldClose","location":null,"status":"passed","title":"shouldClose"},{"ancestorTitles":["Portal","onCloseEvent"],"failureMessages":[],"fullName":"Portal onCloseEvent not shouldClose","location":null,"status":"passed","title":"not shouldClose"}],"endTime":1534594916030,"message":"","name":"/home/travis/build/springload/draftail/examples/components/Portal.test.js","startTime":1534594901652,"status":"passed","summary":""},{"assertionResults":[{"ancestorTitles":["behavior","#getBlockRenderMap"],"failureMessages":[],"fullName":"behavior #getBlockRenderMap has custom block with element","location":null,"status":"passed","title":"has custom block with element"},{"ancestorTitles":["behavior","#getBlockRenderMap"],"failureMessages":[],"fullName":"behavior #getBlockRenderMap no custom block without element","location":null,"status":"passed","title":"no custom block without element"},{"ancestorTitles":["behavior","#getBlockRenderMap","code block element"],"failureMessages":[],"fullName":"behavior #getBlockRenderMap code block element default is \"code\"","location":null,"status":"passed","title":"default is \"code\""},{"ancestorTitles":["behavior","#getBlockRenderMap","code block element"],"failureMessages":[],"fullName":"behavior #getBlockRenderMap code block element can be overriden","location":null,"status":"passed","title":"can be overriden"},{"ancestorTitles":["behavior","#blockStyleFn"],"failureMessages":[],"fullName":"behavior #blockStyleFn works","location":null,"status":"passed","title":"works"},{"ancestorTitles":["behavior","#blockStyleFn"],"failureMessages":[],"fullName":"behavior #blockStyleFn depth","location":null,"status":"passed","title":"depth"},{"ancestorTitles":["behavior","#getKeyBindingFn"],"failureMessages":[],"fullName":"behavior #getKeyBindingFn has strict keyboard shortcut matching","location":null,"status":"passed","title":"has strict keyboard shortcut matching"},{"ancestorTitles":["behavior","#getKeyBindingFn","styles"],"failureMessages":[],"fullName":"behavior #getKeyBindingFn styles disables default style key bindings","location":null,"status":"passed","title":"disables default style key bindings"},{"ancestorTitles":["behavior","#getKeyBindingFn","styles"],"failureMessages":[],"fullName":"behavior #getKeyBindingFn styles enables style key bindings when required","location":null,"status":"passed","title":"enables style key bindings when required"},{"ancestorTitles":["behavior","#getKeyBindingFn","blocks"],"failureMessages":[],"fullName":"behavior #getKeyBindingFn blocks has no default heading block key binding","location":null,"status":"passed","title":"has no default heading block key binding"},{"ancestorTitles":["behavior","#getKeyBindingFn","blocks"],"failureMessages":[],"fullName":"behavior #getKeyBindingFn blocks enables heading block key binding when required","location":null,"status":"passed","title":"enables heading block key binding when required"},{"ancestorTitles":["behavior","#getKeyBindingFn","blocks"],"failureMessages":[],"fullName":"behavior #getKeyBindingFn blocks has default unstyled block key binding","location":null,"status":"passed","title":"has default unstyled block key binding"},{"ancestorTitles":["behavior","#getKeyBindingFn","entities"],"failureMessages":[],"fullName":"behavior #getKeyBindingFn entities has no default link entity key binding","location":null,"status":"passed","title":"has no default link entity key binding"},{"ancestorTitles":["behavior","#getKeyBindingFn","entities"],"failureMessages":[],"fullName":"behavior #getKeyBindingFn entities enables link entity key binding when required","location":null,"status":"passed","title":"enables link entity key binding when required"},{"ancestorTitles":["behavior","#getKeyBindingFn"],"failureMessages":[],"fullName":"behavior #getKeyBindingFn all shortcuts","location":null,"status":"passed","title":"all shortcuts"},{"ancestorTitles":["behavior","#hasKeyboardShortcut"],"failureMessages":[],"fullName":"behavior #hasKeyboardShortcut defined shortcut","location":null,"status":"passed","title":"defined shortcut"},{"ancestorTitles":["behavior","#hasKeyboardShortcut"],"failureMessages":[],"fullName":"behavior #hasKeyboardShortcut undefined shortcut","location":null,"status":"passed","title":"undefined shortcut"},{"ancestorTitles":["behavior","#getKeyboardShortcut"],"failureMessages":[],"fullName":"behavior #getKeyboardShortcut header five shortcut","location":null,"status":"passed","title":"header five shortcut"},{"ancestorTitles":["behavior","#getKeyboardShortcut"],"failureMessages":[],"fullName":"behavior #getKeyboardShortcut header five shortcut, macOS","location":null,"status":"passed","title":"header five shortcut, macOS"},{"ancestorTitles":["behavior","#getKeyboardShortcut"],"failureMessages":[],"fullName":"behavior #getKeyboardShortcut undefined shortcut","location":null,"status":"passed","title":"undefined shortcut"},{"ancestorTitles":["behavior","#handleBeforeInputBlockType"],"failureMessages":[],"fullName":"behavior #handleBeforeInputBlockType does not convert without the right types","location":null,"status":"passed","title":"does not convert without the right types"},{"ancestorTitles":["behavior","#handleBeforeInputBlockType"],"failureMessages":[],"fullName":"behavior #handleBeforeInputBlockType converts regardless of block type","location":null,"status":"passed","title":"converts regardless of block type"},{"ancestorTitles":["behavior","#handleBeforeInputBlockType"],"failureMessages":[],"fullName":"behavior #handleBeforeInputBlockType converts \"* \"","location":null,"status":"passed","title":"converts \"* \""},{"ancestorTitles":["behavior","#handleBeforeInputBlockType"],"failureMessages":[],"fullName":"behavior #handleBeforeInputBlockType converts \"- \"","location":null,"status":"passed","title":"converts \"- \""},{"ancestorTitles":["behavior","#handleBeforeInputBlockType"],"failureMessages":[],"fullName":"behavior #handleBeforeInputBlockType converts \"1. \"","location":null,"status":"passed","title":"converts \"1. \""},{"ancestorTitles":["behavior","#handleBeforeInputHR"],"failureMessages":[],"fullName":"behavior #handleBeforeInputHR does not convert in code block","location":null,"status":"passed","title":"does not convert in code block"},{"ancestorTitles":["behavior","#handleBeforeInputHR"],"failureMessages":[],"fullName":"behavior #handleBeforeInputHR converts \"---\"","location":null,"status":"passed","title":"converts \"---\""},{"ancestorTitles":["behavior","#getCustomStyleMap"],"failureMessages":[],"fullName":"behavior #getCustomStyleMap existing styles, default styling","location":null,"status":"passed","title":"existing styles, default styling"},{"ancestorTitles":["behavior","#getCustomStyleMap"],"failureMessages":[],"fullName":"behavior #getCustomStyleMap existing styles, custom styling","location":null,"status":"passed","title":"existing styles, custom styling"},{"ancestorTitles":["behavior","#getCustomStyleMap"],"failureMessages":[],"fullName":"behavior #getCustomStyleMap custom styles, custom styling","location":null,"status":"passed","title":"custom styles, custom styling"},{"ancestorTitles":["behavior","#getCustomStyleMap"],"failureMessages":[],"fullName":"behavior #getCustomStyleMap custom styles, undefined styling","location":null,"status":"passed","title":"custom styles, undefined styling"},{"ancestorTitles":["behavior","#filterPaste"],"failureMessages":[],"fullName":"behavior #filterPaste works","location":null,"status":"passed","title":"works"},{"ancestorTitles":["behavior","#filterPaste"],"failureMessages":[],"fullName":"behavior #filterPaste enableHorizontalRule","location":null,"status":"passed","title":"enableHorizontalRule"},{"ancestorTitles":["behavior","#filterPaste"],"failureMessages":[],"fullName":"behavior #filterPaste enableLineBreak","location":null,"status":"passed","title":"enableLineBreak"}],"endTime":1534594917068,"message":"","name":"/home/travis/build/springload/draftail/lib/api/behavior.test.js","startTime":1534594901129,"status":"passed","summary":""},{"assertionResults":[{"ancestorTitles":["constants"],"failureMessages":[],"fullName":"constants #BLOCK_TYPE","location":null,"status":"passed","title":"#BLOCK_TYPE"},{"ancestorTitles":["constants"],"failureMessages":[],"fullName":"constants #ENTITY_TYPE","location":null,"status":"passed","title":"#ENTITY_TYPE"},{"ancestorTitles":["constants"],"failureMessages":[],"fullName":"constants #INLINE_STYLE","location":null,"status":"passed","title":"#INLINE_STYLE"},{"ancestorTitles":["constants"],"failureMessages":[],"fullName":"constants #BLOCK_TYPES","location":null,"status":"passed","title":"#BLOCK_TYPES"},{"ancestorTitles":["constants"],"failureMessages":[],"fullName":"constants #ENTITY_TYPES","location":null,"status":"passed","title":"#ENTITY_TYPES"},{"ancestorTitles":["constants"],"failureMessages":[],"fullName":"constants #INLINE_STYLES","location":null,"status":"passed","title":"#INLINE_STYLES"},{"ancestorTitles":["constants"],"failureMessages":[],"fullName":"constants #FONT_FAMILY_MONOSPACE","location":null,"status":"passed","title":"#FONT_FAMILY_MONOSPACE"},{"ancestorTitles":["constants"],"failureMessages":[],"fullName":"constants #CUSTOM_STYLE_MAP","location":null,"status":"passed","title":"#CUSTOM_STYLE_MAP"},{"ancestorTitles":["constants"],"failureMessages":[],"fullName":"constants #BR_TYPE","location":null,"status":"passed","title":"#BR_TYPE"},{"ancestorTitles":["constants"],"failureMessages":[],"fullName":"constants #UNDO_TYPE","location":null,"status":"passed","title":"#UNDO_TYPE"},{"ancestorTitles":["constants"],"failureMessages":[],"fullName":"constants #REDO_TYPE","location":null,"status":"passed","title":"#REDO_TYPE"},{"ancestorTitles":["constants"],"failureMessages":[],"fullName":"constants #KEY_CODES","location":null,"status":"passed","title":"#KEY_CODES"},{"ancestorTitles":["constants"],"failureMessages":[],"fullName":"constants #INPUT_BLOCK_MAP","location":null,"status":"passed","title":"#INPUT_BLOCK_MAP"},{"ancestorTitles":["constants"],"failureMessages":[],"fullName":"constants #INPUT_ENTITY_MAP","location":null,"status":"passed","title":"#INPUT_ENTITY_MAP"},{"ancestorTitles":["constants"],"failureMessages":[],"fullName":"constants #LABELS","location":null,"status":"passed","title":"#LABELS"},{"ancestorTitles":["constants"],"failureMessages":[],"fullName":"constants #DESCRIPTIONS","location":null,"status":"passed","title":"#DESCRIPTIONS"},{"ancestorTitles":["constants"],"failureMessages":[],"fullName":"constants #KEYBOARD_SHORTCUTS","location":null,"status":"passed","title":"#KEYBOARD_SHORTCUTS"},{"ancestorTitles":["constants"],"failureMessages":[],"fullName":"constants #HANDLED","location":null,"status":"passed","title":"#HANDLED"},{"ancestorTitles":["constants"],"failureMessages":[],"fullName":"constants #NOT_HANDLED","location":null,"status":"passed","title":"#NOT_HANDLED"}],"endTime":1534594917757,"message":"","name":"/home/travis/build/springload/draftail/lib/api/constants.test.js","startTime":1534594903570,"status":"passed","summary":""},{"assertionResults":[{"ancestorTitles":["MediaBlock"],"failureMessages":[],"fullName":"MediaBlock renders","location":null,"status":"passed","title":"renders"},{"ancestorTitles":["MediaBlock","tooltip"],"failureMessages":[],"fullName":"MediaBlock tooltip opens","location":null,"status":"passed","title":"opens"},{"ancestorTitles":["MediaBlock","tooltip"],"failureMessages":[],"fullName":"MediaBlock tooltip large viewport","location":null,"status":"passed","title":"large viewport"},{"ancestorTitles":["MediaBlock","tooltip"],"failureMessages":[],"fullName":"MediaBlock tooltip closes","location":null,"status":"passed","title":"closes"}],"endTime":1534594918719,"message":"","name":"/home/travis/build/springload/draftail/examples/blocks/MediaBlock.test.js","startTime":1534594901364,"status":"passed","summary":""},{"assertionResults":[{"ancestorTitles":["EmbedBlock"],"failureMessages":[],"fullName":"EmbedBlock renders","location":null,"status":"passed","title":"renders"}],"endTime":1534594918986,"message":"","name":"/home/travis/build/springload/draftail/examples/blocks/EmbedBlock.test.js","startTime":1534594900734,"status":"passed","summary":""},{"assertionResults":[{"ancestorTitles":["Toolbar"],"failureMessages":[],"fullName":"Toolbar empty","location":null,"status":"passed","title":"empty"},{"ancestorTitles":["Toolbar"],"failureMessages":[],"fullName":"Toolbar #controls","location":null,"status":"passed","title":"#controls"}],"endTime":1534594919190,"message":"","name":"/home/travis/build/springload/draftail/lib/components/Toolbar.test.js","startTime":1534594901925,"status":"passed","summary":""},{"assertionResults":[{"ancestorTitles":["ToolbarDefaults"],"failureMessages":[],"fullName":"ToolbarDefaults empty","location":null,"status":"passed","title":"empty"},{"ancestorTitles":["ToolbarDefaults","#enableHorizontalRule"],"failureMessages":[],"fullName":"ToolbarDefaults #enableHorizontalRule works","location":null,"status":"passed","title":"works"},{"ancestorTitles":["ToolbarDefaults","#enableHorizontalRule"],"failureMessages":[],"fullName":"ToolbarDefaults #enableHorizontalRule control overrides","location":null,"status":"passed","title":"control overrides"},{"ancestorTitles":["ToolbarDefaults","#enableLineBreak"],"failureMessages":[],"fullName":"ToolbarDefaults #enableLineBreak works","location":null,"status":"passed","title":"works"},{"ancestorTitles":["ToolbarDefaults","#enableLineBreak"],"failureMessages":[],"fullName":"ToolbarDefaults #enableLineBreak control overrides","location":null,"status":"passed","title":"control overrides"},{"ancestorTitles":["ToolbarDefaults","#showUndoControl"],"failureMessages":[],"fullName":"ToolbarDefaults #showUndoControl works","location":null,"status":"passed","title":"works"},{"ancestorTitles":["ToolbarDefaults","#showUndoControl"],"failureMessages":[],"fullName":"ToolbarDefaults #showUndoControl control overrides","location":null,"status":"passed","title":"control overrides"},{"ancestorTitles":["ToolbarDefaults","#showRedoControl"],"failureMessages":[],"fullName":"ToolbarDefaults #showRedoControl works","location":null,"status":"passed","title":"works"},{"ancestorTitles":["ToolbarDefaults","#showRedoControl"],"failureMessages":[],"fullName":"ToolbarDefaults #showRedoControl control overrides","location":null,"status":"passed","title":"control overrides"},{"ancestorTitles":["ToolbarDefaults"],"failureMessages":[],"fullName":"ToolbarDefaults #entityTypes","location":null,"status":"passed","title":"#entityTypes"},{"ancestorTitles":["ToolbarDefaults"],"failureMessages":[],"fullName":"ToolbarDefaults #blockTypes","location":null,"status":"passed","title":"#blockTypes"},{"ancestorTitles":["ToolbarDefaults"],"failureMessages":[],"fullName":"ToolbarDefaults #inlineStyles","location":null,"status":"passed","title":"#inlineStyles"},{"ancestorTitles":["ToolbarDefaults"],"failureMessages":[],"fullName":"ToolbarDefaults button label default","location":null,"status":"passed","title":"button label default"},{"ancestorTitles":["ToolbarDefaults"],"failureMessages":[],"fullName":"ToolbarDefaults button label with icon","location":null,"status":"passed","title":"button label with icon"},{"ancestorTitles":["ToolbarDefaults"],"failureMessages":[],"fullName":"ToolbarDefaults button label overrides","location":null,"status":"passed","title":"button label overrides"},{"ancestorTitles":["ToolbarDefaults"],"failureMessages":[],"fullName":"ToolbarDefaults button titles with shortcut","location":null,"status":"passed","title":"button titles with shortcut"},{"ancestorTitles":["ToolbarDefaults"],"failureMessages":[],"fullName":"ToolbarDefaults button titles with shortcut and description","location":null,"status":"passed","title":"button titles with shortcut and description"}],"endTime":1534594919400,"message":"","name":"/home/travis/build/springload/draftail/lib/components/ToolbarDefaults.test.js","startTime":1534594902006,"status":"passed","summary":""},{"assertionResults":[{"ancestorTitles":["DraftUtils","#getSelectedBlock"],"failureMessages":[],"fullName":"DraftUtils #getSelectedBlock works","location":null,"status":"passed","title":"works"},{"ancestorTitles":["DraftUtils","#getSelectionEntity"],"failureMessages":[],"fullName":"DraftUtils #getSelectionEntity no entity","location":null,"status":"passed","title":"no entity"},{"ancestorTitles":["DraftUtils","#getSelectionEntity"],"failureMessages":[],"fullName":"DraftUtils #getSelectionEntity collapsed within","location":null,"status":"passed","title":"collapsed within"},{"ancestorTitles":["DraftUtils","#getSelectionEntity"],"failureMessages":[],"fullName":"DraftUtils #getSelectionEntity full entity","location":null,"status":"passed","title":"full entity"},{"ancestorTitles":["DraftUtils","#getSelectionEntity"],"failureMessages":[],"fullName":"DraftUtils #getSelectionEntity two entities","location":null,"status":"passed","title":"two entities"},{"ancestorTitles":["DraftUtils","#getEntitySelection"],"failureMessages":[],"fullName":"DraftUtils #getEntitySelection works","location":null,"status":"passed","title":"works"},{"ancestorTitles":["DraftUtils","#updateBlockEntity"],"failureMessages":[],"fullName":"DraftUtils #updateBlockEntity works","location":null,"status":"passed","title":"works"},{"ancestorTitles":["DraftUtils","#addHorizontalRuleRemovingSelection"],"failureMessages":[],"fullName":"DraftUtils #addHorizontalRuleRemovingSelection works","location":null,"status":"passed","title":"works"},{"ancestorTitles":["DraftUtils","#resetBlockWithType"],"failureMessages":[],"fullName":"DraftUtils #resetBlockWithType works","location":null,"status":"passed","title":"works"},{"ancestorTitles":["DraftUtils","#resetBlockWithType"],"failureMessages":[],"fullName":"DraftUtils #resetBlockWithType preserves styles","location":null,"status":"passed","title":"preserves styles"},{"ancestorTitles":["DraftUtils","#removeBlock"],"failureMessages":[],"fullName":"DraftUtils #removeBlock works","location":null,"status":"passed","title":"works"},{"ancestorTitles":["DraftUtils","#removeBlockEntity"],"failureMessages":[],"fullName":"DraftUtils #removeBlockEntity works","location":null,"status":"passed","title":"works"},{"ancestorTitles":["DraftUtils","#handleDeleteAtomic"],"failureMessages":[],"fullName":"DraftUtils #handleDeleteAtomic works","location":null,"status":"passed","title":"works"},{"ancestorTitles":["DraftUtils","#handleDeleteAtomic"],"failureMessages":[],"fullName":"DraftUtils #handleDeleteAtomic not collapsed","location":null,"status":"passed","title":"not collapsed"},{"ancestorTitles":["DraftUtils","#handleDeleteAtomic"],"failureMessages":[],"fullName":"DraftUtils #handleDeleteAtomic not block start","location":null,"status":"passed","title":"not block start"},{"ancestorTitles":["DraftUtils","#handleDeleteAtomic"],"failureMessages":[],"fullName":"DraftUtils #handleDeleteAtomic not atomic","location":null,"status":"passed","title":"not atomic"},{"ancestorTitles":["DraftUtils","#shouldHidePlaceholder"],"failureMessages":[],"fullName":"DraftUtils #shouldHidePlaceholder is empty","location":null,"status":"passed","title":"is empty"},{"ancestorTitles":["DraftUtils","#shouldHidePlaceholder"],"failureMessages":[],"fullName":"DraftUtils #shouldHidePlaceholder has content","location":null,"status":"passed","title":"has content"},{"ancestorTitles":["DraftUtils","#shouldHidePlaceholder"],"failureMessages":[],"fullName":"DraftUtils #shouldHidePlaceholder is empty but not unstyled","location":null,"status":"passed","title":"is empty but not unstyled"},{"ancestorTitles":["DraftUtils","#insertNewUnstyledBlock"],"failureMessages":[],"fullName":"DraftUtils #insertNewUnstyledBlock works","location":null,"status":"passed","title":"works"},{"ancestorTitles":["DraftUtils","#addLineBreak"],"failureMessages":[],"fullName":"DraftUtils #addLineBreak works, collapsed","location":null,"status":"passed","title":"works, collapsed"},{"ancestorTitles":["DraftUtils","#addLineBreak"],"failureMessages":[],"fullName":"DraftUtils #addLineBreak works, non-collapsed","location":null,"status":"passed","title":"works, non-collapsed"},{"ancestorTitles":["DraftUtils","#handleHardNewline"],"failureMessages":[],"fullName":"DraftUtils #handleHardNewline non-collapsed selection","location":null,"status":"passed","title":"non-collapsed selection"},{"ancestorTitles":["DraftUtils","#handleHardNewline"],"failureMessages":[],"fullName":"DraftUtils #handleHardNewline unstyled block","location":null,"status":"passed","title":"unstyled block"},{"ancestorTitles":["DraftUtils","#handleHardNewline"],"failureMessages":[],"fullName":"DraftUtils #handleHardNewline non-unstyled block","location":null,"status":"passed","title":"non-unstyled block"},{"ancestorTitles":["DraftUtils","#handleHardNewline"],"failureMessages":[],"fullName":"DraftUtils #handleHardNewline non-unstyled block end of block","location":null,"status":"passed","title":"non-unstyled block end of block"},{"ancestorTitles":["DraftUtils","#handleHardNewline"],"failureMessages":[],"fullName":"DraftUtils #handleHardNewline non-empty list block","location":null,"status":"passed","title":"non-empty list block"},{"ancestorTitles":["DraftUtils","#handleHardNewline"],"failureMessages":[],"fullName":"DraftUtils #handleHardNewline empty list block non-nested","location":null,"status":"passed","title":"empty list block non-nested"},{"ancestorTitles":["DraftUtils","#handleHardNewline"],"failureMessages":[],"fullName":"DraftUtils #handleHardNewline empty list block nested","location":null,"status":"passed","title":"empty list block nested"},{"ancestorTitles":["DraftUtils","#handleNewLine"],"failureMessages":[],"fullName":"DraftUtils #handleNewLine hard newline","location":null,"status":"passed","title":"hard newline"},{"ancestorTitles":["DraftUtils","#handleNewLine"],"failureMessages":[],"fullName":"DraftUtils #handleNewLine soft newline","location":null,"status":"passed","title":"soft newline"},{"ancestorTitles":["DraftUtils","#handleNewLine"],"failureMessages":[],"fullName":"DraftUtils #handleNewLine soft newline collapsed","location":null,"status":"passed","title":"soft newline collapsed"},{"ancestorTitles":["DraftUtils","#handleNewLine"],"failureMessages":[],"fullName":"DraftUtils #handleNewLine hard newline in code-block","location":null,"status":"passed","title":"hard newline in code-block"},{"ancestorTitles":["DraftUtils","#handleNewLine"],"failureMessages":[],"fullName":"DraftUtils #handleNewLine hard newline in empty code-block","location":null,"status":"passed","title":"hard newline in empty code-block"}],"endTime":1534594919700,"message":"","name":"/home/travis/build/springload/draftail/lib/api/DraftUtils.test.js","startTime":1534594901352,"status":"passed","summary":""},{"assertionResults":[{"ancestorTitles":["draftail"],"failureMessages":[],"fullName":"draftail #DraftailEditor","location":null,"status":"passed","title":"#DraftailEditor"},{"ancestorTitles":["draftail"],"failureMessages":[],"fullName":"draftail #DraftUtils","location":null,"status":"passed","title":"#DraftUtils"},{"ancestorTitles":["draftail"],"failureMessages":[],"fullName":"draftail #BLOCK_TYPE","location":null,"status":"passed","title":"#BLOCK_TYPE"},{"ancestorTitles":["draftail"],"failureMessages":[],"fullName":"draftail #ENTITY_TYPE","location":null,"status":"passed","title":"#ENTITY_TYPE"},{"ancestorTitles":["draftail"],"failureMessages":[],"fullName":"draftail #INLINE_STYLE","location":null,"status":"passed","title":"#INLINE_STYLE"},{"ancestorTitles":["draftail"],"failureMessages":[],"fullName":"draftail #Icon","location":null,"status":"passed","title":"#Icon"},{"ancestorTitles":["draftail"],"failureMessages":[],"fullName":"draftail #ToolbarButton","location":null,"status":"passed","title":"#ToolbarButton"}],"endTime":1534594919775,"message":"","name":"/home/travis/build/springload/draftail/lib/index.test.js","startTime":1534594901614,"status":"passed","summary":""},{"assertionResults":[{"ancestorTitles":["ImageBlock"],"failureMessages":[],"fullName":"ImageBlock renders","location":null,"status":"passed","title":"renders"},{"ancestorTitles":["ImageBlock"],"failureMessages":[],"fullName":"ImageBlock alt","location":null,"status":"passed","title":"alt"},{"ancestorTitles":["ImageBlock"],"failureMessages":[],"fullName":"ImageBlock changeAlt","location":null,"status":"passed","title":"changeAlt"}],"endTime":1534594919826,"message":"","name":"/home/travis/build/springload/draftail/examples/blocks/ImageBlock.test.js","startTime":1534594901910,"status":"passed","summary":""},{"assertionResults":[{"ancestorTitles":["DraftailEditor"],"failureMessages":[],"fullName":"DraftailEditor empty","location":null,"status":"passed","title":"empty"},{"ancestorTitles":["DraftailEditor"],"failureMessages":[],"fullName":"DraftailEditor editorRef","location":null,"status":"passed","title":"editorRef"},{"ancestorTitles":["DraftailEditor"],"failureMessages":[],"fullName":"DraftailEditor #readOnly","location":null,"status":"passed","title":"#readOnly"},{"ancestorTitles":["DraftailEditor","#placeholder"],"failureMessages":[],"fullName":"DraftailEditor #placeholder visible","location":null,"status":"passed","title":"visible"},{"ancestorTitles":["DraftailEditor","#placeholder"],"failureMessages":[],"fullName":"DraftailEditor #placeholder hidden","location":null,"status":"passed","title":"hidden"},{"ancestorTitles":["DraftailEditor"],"failureMessages":[],"fullName":"DraftailEditor #spellCheck","location":null,"status":"passed","title":"#spellCheck"},{"ancestorTitles":["DraftailEditor"],"failureMessages":[],"fullName":"DraftailEditor #textAlignment","location":null,"status":"passed","title":"#textAlignment"},{"ancestorTitles":["DraftailEditor"],"failureMessages":[],"fullName":"DraftailEditor #textDirectionality","location":null,"status":"passed","title":"#textDirectionality"},{"ancestorTitles":["DraftailEditor"],"failureMessages":[],"fullName":"DraftailEditor #autoCapitalize","location":null,"status":"passed","title":"#autoCapitalize"},{"ancestorTitles":["DraftailEditor"],"failureMessages":[],"fullName":"DraftailEditor #autoComplete","location":null,"status":"passed","title":"#autoComplete"},{"ancestorTitles":["DraftailEditor"],"failureMessages":[],"fullName":"DraftailEditor #autoCorrect","location":null,"status":"passed","title":"#autoCorrect"},{"ancestorTitles":["DraftailEditor"],"failureMessages":[],"fullName":"DraftailEditor #ariaDescribedBy","location":null,"status":"passed","title":"#ariaDescribedBy"},{"ancestorTitles":["DraftailEditor"],"failureMessages":[],"fullName":"DraftailEditor #maxListNesting","location":null,"status":"passed","title":"#maxListNesting"},{"ancestorTitles":["DraftailEditor"],"failureMessages":[],"fullName":"DraftailEditor #onSave","location":null,"status":"passed","title":"#onSave"},{"ancestorTitles":["DraftailEditor"],"failureMessages":[],"fullName":"DraftailEditor readOnly","location":null,"status":"passed","title":"readOnly"},{"ancestorTitles":["DraftailEditor"],"failureMessages":[],"fullName":"DraftailEditor componentWillUnmount","location":null,"status":"passed","title":"componentWillUnmount"},{"ancestorTitles":["DraftailEditor","onChange"],"failureMessages":[],"fullName":"DraftailEditor onChange no filter when typing","location":null,"status":"passed","title":"no filter when typing"},{"ancestorTitles":["DraftailEditor","onChange"],"failureMessages":[],"fullName":"DraftailEditor onChange filter on paste","location":null,"status":"passed","title":"filter on paste"},{"ancestorTitles":["DraftailEditor"],"failureMessages":[],"fullName":"DraftailEditor getEditorState","location":null,"status":"passed","title":"getEditorState"},{"ancestorTitles":["DraftailEditor","handleReturn"],"failureMessages":[],"fullName":"DraftailEditor handleReturn default","location":null,"status":"passed","title":"default"},{"ancestorTitles":["DraftailEditor","handleReturn"],"failureMessages":[],"fullName":"DraftailEditor handleReturn enabled br","location":null,"status":"passed","title":"enabled br"},{"ancestorTitles":["DraftailEditor","handleReturn"],"failureMessages":[],"fullName":"DraftailEditor handleReturn alt + enter on text","location":null,"status":"passed","title":"alt + enter on text"},{"ancestorTitles":["DraftailEditor","handleReturn"],"failureMessages":[],"fullName":"DraftailEditor handleReturn alt + enter on entity without url","location":null,"status":"passed","title":"alt + enter on entity without url"},{"ancestorTitles":["DraftailEditor","handleReturn"],"failureMessages":[],"fullName":"DraftailEditor handleReturn alt + enter on entity","location":null,"status":"passed","title":"alt + enter on entity"},{"ancestorTitles":["DraftailEditor"],"failureMessages":[],"fullName":"DraftailEditor onFocus, onBlur","location":null,"status":"passed","title":"onFocus, onBlur"},{"ancestorTitles":["DraftailEditor"],"failureMessages":[],"fullName":"DraftailEditor onTab","location":null,"status":"passed","title":"onTab"},{"ancestorTitles":["DraftailEditor","handleKeyCommand"],"failureMessages":[],"fullName":"DraftailEditor handleKeyCommand draftjs internal, handled","location":null,"status":"passed","title":"draftjs internal, handled"},{"ancestorTitles":["DraftailEditor","handleKeyCommand"],"failureMessages":[],"fullName":"DraftailEditor handleKeyCommand draftjs internal, not handled","location":null,"status":"passed","title":"draftjs internal, not handled"},{"ancestorTitles":["DraftailEditor","handleKeyCommand"],"failureMessages":[],"fullName":"DraftailEditor handleKeyCommand entity type","location":null,"status":"passed","title":"entity type"},{"ancestorTitles":["DraftailEditor","handleKeyCommand"],"failureMessages":[],"fullName":"DraftailEditor handleKeyCommand block type","location":null,"status":"passed","title":"block type"},{"ancestorTitles":["DraftailEditor","handleKeyCommand"],"failureMessages":[],"fullName":"DraftailEditor handleKeyCommand inline style","location":null,"status":"passed","title":"inline style"},{"ancestorTitles":["DraftailEditor","handleKeyCommand","delete"],"failureMessages":[],"fullName":"DraftailEditor handleKeyCommand delete handled","location":null,"status":"passed","title":"handled"},{"ancestorTitles":["DraftailEditor","handleKeyCommand","delete"],"failureMessages":[],"fullName":"DraftailEditor handleKeyCommand delete not handled","location":null,"status":"passed","title":"not handled"},{"ancestorTitles":["DraftailEditor","handleBeforeInput"],"failureMessages":[],"fullName":"DraftailEditor handleBeforeInput non-collapsed selection","location":null,"status":"passed","title":"non-collapsed selection"},{"ancestorTitles":["DraftailEditor","handleBeforeInput"],"failureMessages":[],"fullName":"DraftailEditor handleBeforeInput no matching processing","location":null,"status":"passed","title":"no matching processing"},{"ancestorTitles":["DraftailEditor","handleBeforeInput"],"failureMessages":[],"fullName":"DraftailEditor handleBeforeInput enter text","location":null,"status":"passed","title":"enter text"},{"ancestorTitles":["DraftailEditor","handleBeforeInput"],"failureMessages":[],"fullName":"DraftailEditor handleBeforeInput change block type","location":null,"status":"passed","title":"change block type"},{"ancestorTitles":["DraftailEditor","handleBeforeInput"],"failureMessages":[],"fullName":"DraftailEditor handleBeforeInput enter hr","location":null,"status":"passed","title":"enter hr"},{"ancestorTitles":["DraftailEditor","handlePastedText"],"failureMessages":[],"fullName":"DraftailEditor handlePastedText default handling","location":null,"status":"passed","title":"default handling"},{"ancestorTitles":["DraftailEditor","handlePastedText"],"failureMessages":[],"fullName":"DraftailEditor handlePastedText stripPastedStyles","location":null,"status":"passed","title":"stripPastedStyles"},{"ancestorTitles":["DraftailEditor","handlePastedText"],"failureMessages":[],"fullName":"DraftailEditor handlePastedText handled by handleDraftEditorPastedText","location":null,"status":"passed","title":"handled by handleDraftEditorPastedText"},{"ancestorTitles":["DraftailEditor","toggleBlockType"],"failureMessages":[],"fullName":"DraftailEditor toggleBlockType works","location":null,"status":"passed","title":"works"},{"ancestorTitles":["DraftailEditor","toggleInlineStyle"],"failureMessages":[],"fullName":"DraftailEditor toggleInlineStyle works","location":null,"status":"passed","title":"works"},{"ancestorTitles":["DraftailEditor","onEditEntity"],"failureMessages":[],"fullName":"DraftailEditor onEditEntity works","location":null,"status":"passed","title":"works"},{"ancestorTitles":["DraftailEditor","onEditEntity"],"failureMessages":[],"fullName":"DraftailEditor onEditEntity block","location":null,"status":"passed","title":"block"},{"ancestorTitles":["DraftailEditor","onRemoveEntity"],"failureMessages":[],"fullName":"DraftailEditor onRemoveEntity works","location":null,"status":"passed","title":"works"},{"ancestorTitles":["DraftailEditor","onRemoveEntity"],"failureMessages":[],"fullName":"DraftailEditor onRemoveEntity block","location":null,"status":"passed","title":"block"},{"ancestorTitles":["DraftailEditor","addHR"],"failureMessages":[],"fullName":"DraftailEditor addHR works","location":null,"status":"passed","title":"works"},{"ancestorTitles":["DraftailEditor","addBR"],"failureMessages":[],"fullName":"DraftailEditor addBR works","location":null,"status":"passed","title":"works"},{"ancestorTitles":["DraftailEditor","onUndoRedo"],"failureMessages":[],"fullName":"DraftailEditor onUndoRedo undo","location":null,"status":"passed","title":"undo"},{"ancestorTitles":["DraftailEditor","onUndoRedo"],"failureMessages":[],"fullName":"DraftailEditor onUndoRedo redo","location":null,"status":"passed","title":"redo"},{"ancestorTitles":["DraftailEditor","onUndoRedo"],"failureMessages":[],"fullName":"DraftailEditor onUndoRedo invalid","location":null,"status":"passed","title":"invalid"},{"ancestorTitles":["DraftailEditor","blockRenderer"],"failureMessages":[],"fullName":"DraftailEditor blockRenderer default","location":null,"status":"passed","title":"default"},{"ancestorTitles":["DraftailEditor","blockRenderer"],"failureMessages":[],"fullName":"DraftailEditor blockRenderer atomic","location":null,"status":"passed","title":"atomic"},{"ancestorTitles":["DraftailEditor","blockRenderer"],"failureMessages":[],"fullName":"DraftailEditor blockRenderer HORIZONTAL_RULE","location":null,"status":"passed","title":"HORIZONTAL_RULE"},{"ancestorTitles":["DraftailEditor","blockRenderer"],"failureMessages":[],"fullName":"DraftailEditor blockRenderer atomic missing entity","location":null,"status":"passed","title":"atomic missing entity"},{"ancestorTitles":["DraftailEditor","source","onRequestSource"],"failureMessages":[],"fullName":"DraftailEditor source onRequestSource empty","location":null,"status":"passed","title":"empty"},{"ancestorTitles":["DraftailEditor","source","onRequestSource"],"failureMessages":[],"fullName":"DraftailEditor source onRequestSource with sourceOptions","location":null,"status":"passed","title":"with sourceOptions"},{"ancestorTitles":["DraftailEditor","source","onRequestSource"],"failureMessages":[],"fullName":"DraftailEditor source onRequestSource with entity","location":null,"status":"passed","title":"with entity"},{"ancestorTitles":["DraftailEditor","source","onCompleteSource"],"failureMessages":[],"fullName":"DraftailEditor source onCompleteSource empty","location":null,"status":"passed","title":"empty"},{"ancestorTitles":["DraftailEditor","source","onCompleteSource"],"failureMessages":[],"fullName":"DraftailEditor source onCompleteSource works","location":null,"status":"passed","title":"works"},{"ancestorTitles":["DraftailEditor","onCloseSource"],"failureMessages":[],"fullName":"DraftailEditor onCloseSource works","location":null,"status":"passed","title":"works"},{"ancestorTitles":["DraftailEditor","#focus"],"failureMessages":[],"fullName":"DraftailEditor #focus works","location":null,"status":"passed","title":"works"}],"endTime":1534594919993,"message":"","name":"/home/travis/build/springload/draftail/lib/components/DraftailEditor.test.js","startTime":1534594902011,"status":"passed","summary":""}],"wasInterrupted":false,"coverageMap":{"/home/travis/build/springload/draftail/lib/utils/utils.js":{"path":"/home/travis/build/springload/draftail/lib/utils/utils.js","statementMap":{"0":{"start":{"line":6,"column":35},"end":{"line":10,"column":1}},"1":{"start":{"line":7,"column":20},"end":{"line":7,"column":69}},"2":{"start":{"line":7,"column":29},"end":{"line":7,"column":69}},"3":{"start":{"line":9,"column":4},"end":{"line":9,"column":19}}},"fnMap":{"0":{"name":"(anonymous_0)","decl":{"start":{"line":6,"column":35},"end":{"line":6,"column":36}},"loc":{"start":{"line":6,"column":62},"end":{"line":10,"column":1}},"line":6},"1":{"name":"(anonymous_1)","decl":{"start":{"line":7,"column":20},"end":{"line":7,"column":21}},"loc":{"start":{"line":7,"column":29},"end":{"line":7,"column":69}},"line":7}},"branchMap":{},"s":{"0":6,"1":2,"2":1,"3":2},"f":{"0":2,"1":1},"b":{},"_coverageSchema":"332fd63041d2c1bcb487cc26dd0d5f7d97098a6c","hash":"fc96602773ac42ab59b7b521be88c0be9354712a"},"/home/travis/build/springload/draftail/lib/components/Icon.js":{"path":"/home/travis/build/springload/draftail/lib/components/Icon.js","statementMap":{"0":{"start":{"line":7,"column":13},"end":{"line":37,"column":1}},"1":{"start":{"line":8,"column":24},"end":{"line":8,"column":48}},"2":{"start":{"line":11,"column":4},"end":{"line":22,"column":5}},"3":{"start":{"line":12,"column":8},"end":{"line":16,"column":9}},"4":{"start":{"line":13,"column":12},"end":{"line":13,"column":48}},"5":{"start":{"line":15,"column":12},"end":{"line":15,"column":41}},"6":{"start":{"line":17,"column":11},"end":{"line":22,"column":5}},"7":{"start":{"line":19,"column":8},"end":{"line":19,"column":62}},"8":{"start":{"line":19,"column":38},"end":{"line":19,"column":60}},"9":{"start":{"line":21,"column":8},"end":{"line":21,"column":20}},"10":{"start":{"line":24,"column":4},"end":{"line":36,"column":6}},"11":{"start":{"line":39,"column":0},"end":{"line":51,"column":2}},"12":{"start":{"line":53,"column":0},"end":{"line":56,"column":2}}},"fnMap":{"0":{"name":"(anonymous_0)","decl":{"start":{"line":7,"column":13},"end":{"line":7,"column":14}},"loc":{"start":{"line":7,"column":45},"end":{"line":37,"column":1}},"line":7},"1":{"name":"(anonymous_1)","decl":{"start":{"line":19,"column":28},"end":{"line":19,"column":29}},"loc":{"start":{"line":19,"column":38},"end":{"line":19,"column":60}},"line":19}},"branchMap":{"0":{"loc":{"start":{"line":11,"column":4},"end":{"line":22,"column":5}},"type":"if","locations":[{"start":{"line":11,"column":4},"end":{"line":22,"column":5}},{"start":{"line":11,"column":4},"end":{"line":22,"column":5}}],"line":11},"1":{"loc":{"start":{"line":12,"column":8},"end":{"line":16,"column":9}},"type":"if","locations":[{"start":{"line":12,"column":8},"end":{"line":16,"column":9}},{"start":{"line":12,"column":8},"end":{"line":16,"column":9}}],"line":12},"2":{"loc":{"start":{"line":17,"column":11},"end":{"line":22,"column":5}},"type":"if","locations":[{"start":{"line":17,"column":11},"end":{"line":22,"column":5}},{"start":{"line":17,"column":11},"end":{"line":22,"column":5}}],"line":17},"3":{"loc":{"start":{"line":29,"column":40},"end":{"line":29,"column":55}},"type":"binary-expr","locations":[{"start":{"line":29,"column":40},"end":{"line":29,"column":49}},{"start":{"line":29,"column":53},"end":{"line":29,"column":55}}],"line":29},"4":{"loc":{"start":{"line":30,"column":25},"end":{"line":30,"column":44}},"type":"cond-expr","locations":[{"start":{"line":30,"column":33},"end":{"line":30,"column":37}},{"start":{"line":30,"column":40},"end":{"line":30,"column":44}}],"line":30},"5":{"loc":{"start":{"line":31,"column":18},"end":{"line":31,"column":38}},"type":"cond-expr","locations":[{"start":{"line":31,"column":26},"end":{"line":31,"column":31}},{"start":{"line":31,"column":34},"end":{"line":31,"column":38}}],"line":31},"6":{"loc":{"start":{"line":32,"column":24},"end":{"line":32,"column":37}},"type":"binary-expr","locations":[{"start":{"line":32,"column":24},"end":{"line":32,"column":29}},{"start":{"line":32,"column":33},"end":{"line":32,"column":37}}],"line":32}},"s":{"0":9,"1":10,"2":10,"3":8,"4":5,"5":3,"6":2,"7":1,"8":2,"9":1,"10":9,"11":9,"12":9},"f":{"0":10,"1":2},"b":{"0":[8,2],"1":[5,3],"2":[1,1],"3":[9,8],"4":[1,8],"5":[1,8],"6":[9,8]},"_coverageSchema":"332fd63041d2c1bcb487cc26dd0d5f7d97098a6c","hash":"d6c02b71b782c219010fc32b666d351c4a43bfc5"},"/home/travis/build/springload/draftail/lib/components/ToolbarGroup.js":{"path":"/home/travis/build/springload/draftail/lib/components/ToolbarGroup.js","statementMap":{"0":{"start":{"line":4,"column":21},"end":{"line":9,"column":1}},"1":{"start":{"line":5,"column":24},"end":{"line":5,"column":78}},"2":{"start":{"line":5,"column":67},"end":{"line":5,"column":77}},"3":{"start":{"line":6,"column":4},"end":{"line":8,"column":13}},"4":{"start":{"line":11,"column":0},"end":{"line":13,"column":2}},"5":{"start":{"line":15,"column":0},"end":{"line":17,"column":2}}},"fnMap":{"0":{"name":"(anonymous_0)","decl":{"start":{"line":4,"column":21},"end":{"line":4,"column":22}},"loc":{"start":{"line":4,"column":39},"end":{"line":9,"column":1}},"line":4},"1":{"name":"(anonymous_1)","decl":{"start":{"line":5,"column":62},"end":{"line":5,"column":63}},"loc":{"start":{"line":5,"column":67},"end":{"line":5,"column":77}},"line":5}},"branchMap":{"0":{"loc":{"start":{"line":6,"column":11},"end":{"line":8,"column":12}},"type":"cond-expr","locations":[{"start":{"line":7,"column":8},"end":{"line":7,"column":63}},{"start":{"line":8,"column":8},"end":{"line":8,"column":12}}],"line":6}},"s":{"0":8,"1":129,"2":17,"3":129,"4":8,"5":8},"f":{"0":129,"1":17},"b":{"0":[17,112]},"_coverageSchema":"332fd63041d2c1bcb487cc26dd0d5f7d97098a6c","hash":"ffdb7eb4b184247857022536b9c5b1b45312591f"},"/home/travis/build/springload/draftail/examples/components/Tooltip.js":{"path":"/home/travis/build/springload/draftail/examples/components/Tooltip.js","statementMap":{"0":{"start":{"line":4,"column":12},"end":{"line":4,"column":17}},"1":{"start":{"line":5,"column":13},"end":{"line":5,"column":19}},"2":{"start":{"line":6,"column":17},"end":{"line":6,"column":27}},"3":{"start":{"line":8,"column":25},"end":{"line":29,"column":1}},"4":{"start":{"line":9,"column":16},"end":{"line":9,"column":47}},"5":{"start":{"line":10,"column":17},"end":{"line":10,"column":49}},"6":{"start":{"line":11,"column":4},"end":{"line":28,"column":5}},"7":{"start":{"line":13,"column":12},"end":{"line":16,"column":14}},"8":{"start":{"line":18,"column":12},"end":{"line":21,"column":14}},"9":{"start":{"line":24,"column":12},"end":{"line":27,"column":14}},"10":{"start":{"line":34,"column":16},"end":{"line":44,"column":1}},"11":{"start":{"line":35,"column":4},"end":{"line":43,"column":6}},"12":{"start":{"line":46,"column":0},"end":{"line":55,"column":2}}},"fnMap":{"0":{"name":"(anonymous_0)","decl":{"start":{"line":8,"column":25},"end":{"line":8,"column":26}},"loc":{"start":{"line":8,"column":48},"end":{"line":29,"column":1}},"line":8},"1":{"name":"(anonymous_1)","decl":{"start":{"line":34,"column":16},"end":{"line":34,"column":17}},"loc":{"start":{"line":34,"column":53},"end":{"line":44,"column":1}},"line":34}},"branchMap":{"0":{"loc":{"start":{"line":11,"column":4},"end":{"line":28,"column":5}},"type":"switch","locations":[{"start":{"line":12,"column":8},"end":{"line":16,"column":14}},{"start":{"line":17,"column":8},"end":{"line":21,"column":14}},{"start":{"line":22,"column":8},"end":{"line":22,"column":22}},{"start":{"line":23,"column":8},"end":{"line":27,"column":14}}],"line":11}},"s":{"0":4,"1":4,"2":4,"3":4,"4":5,"5":5,"6":5,"7":1,"8":2,"9":2,"10":4,"11":5,"12":4},"f":{"0":5,"1":5},"b":{"0":[1,2,2,2]},"_coverageSchema":"332fd63041d2c1bcb487cc26dd0d5f7d97098a6c","hash":"252e160821dc1e64d0ceb7221af182b633c95c51"},"/home/travis/build/springload/draftail/lib/blocks/DividerBlock.js":{"path":"/home/travis/build/springload/draftail/lib/blocks/DividerBlock.js","statementMap":{"0":{"start":{"line":6,"column":21},"end":{"line":6,"column":67}},"1":{"start":{"line":6,"column":27},"end":{"line":6,"column":67}}},"fnMap":{"0":{"name":"(anonymous_0)","decl":{"start":{"line":6,"column":21},"end":{"line":6,"column":22}},"loc":{"start":{"line":6,"column":27},"end":{"line":6,"column":67}},"line":6}},"branchMap":{},"s":{"0":6,"1":1},"f":{"0":1},"b":{},"_coverageSchema":"332fd63041d2c1bcb487cc26dd0d5f7d97098a6c","hash":"3a59d8399f7f02add6a751e8bc9ea2bc9bc24d6c"},"/home/travis/build/springload/draftail/lib/api/conversion.js":{"path":"/home/travis/build/springload/draftail/lib/api/conversion.js","statementMap":{"0":{"start":{"line":8,"column":28},"end":{"line":8,"column":32}},"1":{"start":{"line":13,"column":35},"end":{"line":13,"column":69}},"2":{"start":{"line":16,"column":8},"end":{"line":24,"column":9}},"3":{"start":{"line":17,"column":33},"end":{"line":17,"column":64}},"4":{"start":{"line":18,"column":12},"end":{"line":21,"column":14}},"5":{"start":{"line":23,"column":12},"end":{"line":23,"column":70}},"6":{"start":{"line":26,"column":8},"end":{"line":26,"column":27}},"7":{"start":{"line":31,"column":29},"end":{"line":31,"column":60}},"8":{"start":{"line":32,"column":32},"end":{"line":32,"column":58}},"9":{"start":{"line":34,"column":24},"end":{"line":40,"column":10}},"10":{"start":{"line":35,"column":12},"end":{"line":39,"column":14}},"11":{"start":{"line":42,"column":8},"end":{"line":42,"column":63}}},"fnMap":{"0":{"name":"(anonymous_0)","decl":{"start":{"line":34,"column":53},"end":{"line":34,"column":54}},"loc":{"start":{"line":34,"column":62},"end":{"line":40,"column":9}},"line":34}},"branchMap":{"0":{"loc":{"start":{"line":16,"column":8},"end":{"line":24,"column":9}},"type":"if","locations":[{"start":{"line":16,"column":8},"end":{"line":24,"column":9}},{"start":{"line":16,"column":8},"end":{"line":24,"column":9}}],"line":16},"1":{"loc":{"start":{"line":36,"column":16},"end":{"line":38,"column":52}},"type":"binary-expr","locations":[{"start":{"line":36,"column":16},"end":{"line":36,"column":46}},{"start":{"line":37,"column":16},"end":{"line":37,"column":47}},{"start":{"line":38,"column":16},"end":{"line":38,"column":52}}],"line":36},"2":{"loc":{"start":{"line":42,"column":15},"end":{"line":42,"column":62}},"type":"cond-expr","locations":[{"start":{"line":42,"column":25},"end":{"line":42,"column":44}},{"start":{"line":42,"column":47},"end":{"line":42,"column":62}}],"line":42}},"s":{"0":6,"1":67,"2":67,"3":14,"4":14,"5":53,"6":67,"7":6,"8":6,"9":6,"10":6,"11":6},"f":{"0":6},"b":{"0":[14,53],"1":[6,5,5],"2":[5,1]},"_coverageSchema":"332fd63041d2c1bcb487cc26dd0d5f7d97098a6c","hash":"bd7415f4df62106e2a02ce3224088fa9ff82c2c5"},"/home/travis/build/springload/draftail/lib/components/ToolbarButton.js":{"path":"/home/travis/build/springload/draftail/lib/components/ToolbarButton.js","statementMap":{"0":{"start":{"line":12,"column":8},"end":{"line":12,"column":21}},"1":{"start":{"line":14,"column":8},"end":{"line":16,"column":10}},"2":{"start":{"line":18,"column":8},"end":{"line":18,"column":55}},"3":{"start":{"line":19,"column":8},"end":{"line":19,"column":57}},"4":{"start":{"line":23,"column":34},"end":{"line":23,"column":44}},"5":{"start":{"line":25,"column":8},"end":{"line":25,"column":27}},"6":{"start":{"line":27,"column":8},"end":{"line":29,"column":11}},"7":{"start":{"line":31,"column":8},"end":{"line":31,"column":22}},"8":{"start":{"line":35,"column":8},"end":{"line":37,"column":11}},"9":{"start":{"line":41,"column":53},"end":{"line":41,"column":63}},"10":{"start":{"line":42,"column":39},"end":{"line":42,"column":49}},"11":{"start":{"line":44,"column":8},"end":{"line":66,"column":10}},"12":{"start":{"line":70,"column":0},"end":{"line":81,"column":2}},"13":{"start":{"line":83,"column":0},"end":{"line":90,"column":2}}},"fnMap":{"0":{"name":"(anonymous_0)","decl":{"start":{"line":11,"column":4},"end":{"line":11,"column":5}},"loc":{"start":{"line":11,"column":23},"end":{"line":20,"column":5}},"line":11},"1":{"name":"(anonymous_1)","decl":{"start":{"line":22,"column":4},"end":{"line":22,"column":5}},"loc":{"start":{"line":22,"column":19},"end":{"line":32,"column":5}},"line":22},"2":{"name":"(anonymous_2)","decl":{"start":{"line":34,"column":4},"end":{"line":34,"column":5}},"loc":{"start":{"line":34,"column":19},"end":{"line":38,"column":5}},"line":34},"3":{"name":"(anonymous_3)","decl":{"start":{"line":40,"column":4},"end":{"line":40,"column":5}},"loc":{"start":{"line":40,"column":13},"end":{"line":67,"column":5}},"line":40},"4":{"name":"(anonymous_4)","decl":{"start":{"line":89,"column":13},"end":{"line":89,"column":14}},"loc":{"start":{"line":89,"column":19},"end":{"line":89,"column":21}},"line":89}},"branchMap":{"0":{"loc":{"start":{"line":48,"column":20},"end":{"line":48,"column":67}},"type":"cond-expr","locations":[{"start":{"line":48,"column":29},"end":{"line":48,"column":62}},{"start":{"line":48,"column":65},"end":{"line":48,"column":67}}],"line":48},"1":{"loc":{"start":{"line":51,"column":28},"end":{"line":51,"column":41}},"type":"binary-expr","locations":[{"start":{"line":51,"column":28},"end":{"line":51,"column":33}},{"start":{"line":51,"column":37},"end":{"line":51,"column":41}}],"line":51},"2":{"loc":{"start":{"line":53,"column":20},"end":{"line":53,"column":61}},"type":"cond-expr","locations":[{"start":{"line":53,"column":50},"end":{"line":53,"column":54}},{"start":{"line":53,"column":57},"end":{"line":53,"column":61}}],"line":53},"3":{"loc":{"start":{"line":53,"column":20},"end":{"line":53,"column":47}},"type":"binary-expr","locations":[{"start":{"line":53,"column":20},"end":{"line":53,"column":25}},{"start":{"line":53,"column":29},"end":{"line":53,"column":47}}],"line":53},"4":{"loc":{"start":{"line":59,"column":17},"end":{"line":59,"column":51}},"type":"cond-expr","locations":[{"start":{"line":59,"column":24},"end":{"line":59,"column":44}},{"start":{"line":59,"column":47},"end":{"line":59,"column":51}}],"line":59},"5":{"loc":{"start":{"line":60,"column":17},"end":{"line":64,"column":24}},"type":"cond-expr","locations":[{"start":{"line":61,"column":20},"end":{"line":63,"column":27}},{"start":{"line":64,"column":20},"end":{"line":64,"column":24}}],"line":60}},"s":{"0":30,"1":30,"2":30,"3":30,"4":2,"5":2,"6":2,"7":2,"8":1,"9":33,"10":33,"11":33,"12":8,"13":8},"f":{"0":30,"1":2,"2":1,"3":33,"4":1},"b":{"0":[1,32],"1":[33,19],"2":[14,19],"3":[33,14],"4":[4,29],"5":[22,11]},"_coverageSchema":"332fd63041d2c1bcb487cc26dd0d5f7d97098a6c","hash":"2effb7e515eddfefab2aabbb307bbb01c9d4d9de"},"/home/travis/build/springload/draftail/examples/components/Portal.js":{"path":"/home/travis/build/springload/draftail/examples/components/Portal.js","statementMap":{"0":{"start":{"line":7,"column":8},"end":{"line":7,"column":21}},"1":{"start":{"line":9,"column":8},"end":{"line":9,"column":57}},"2":{"start":{"line":13,"column":28},"end":{"line":13,"column":38}},"3":{"start":{"line":15,"column":8},"end":{"line":17,"column":9}},"4":{"start":{"line":16,"column":12},"end":{"line":16,"column":22}},"5":{"start":{"line":26,"column":12},"end":{"line":26,"column":22}},"6":{"start":{"line":28,"column":8},"end":{"line":45,"column":9}},"7":{"start":{"line":29,"column":12},"end":{"line":29,"column":56}},"8":{"start":{"line":30,"column":12},"end":{"line":30,"column":51}},"9":{"start":{"line":32,"column":12},"end":{"line":44,"column":13}},"10":{"start":{"line":33,"column":16},"end":{"line":35,"column":17}},"11":{"start":{"line":34,"column":20},"end":{"line":34,"column":76}},"12":{"start":{"line":37,"column":16},"end":{"line":39,"column":17}},"13":{"start":{"line":38,"column":20},"end":{"line":38,"column":74}},"14":{"start":{"line":41,"column":16},"end":{"line":43,"column":17}},"15":{"start":{"line":42,"column":20},"end":{"line":42,"column":63}},"16":{"start":{"line":47,"column":8},"end":{"line":47,"column":34}},"17":{"start":{"line":51,"column":29},"end":{"line":51,"column":39}},"18":{"start":{"line":53,"column":8},"end":{"line":53,"column":60}},"19":{"start":{"line":57,"column":28},"end":{"line":57,"column":38}},"20":{"start":{"line":59,"column":8},"end":{"line":59,"column":47}},"21":{"start":{"line":61,"column":8},"end":{"line":61,"column":67}},"22":{"start":{"line":62,"column":8},"end":{"line":62,"column":65}},"23":{"start":{"line":63,"column":8},"end":{"line":63,"column":54}},"24":{"start":{"line":67,"column":8},"end":{"line":67,"column":20}},"25":{"start":{"line":71,"column":0},"end":{"line":77,"column":2}},"26":{"start":{"line":79,"column":0},"end":{"line":85,"column":2}}},"fnMap":{"0":{"name":"(anonymous_0)","decl":{"start":{"line":6,"column":4},"end":{"line":6,"column":5}},"loc":{"start":{"line":6,"column":23},"end":{"line":10,"column":5}},"line":6},"1":{"name":"(anonymous_1)","decl":{"start":{"line":12,"column":4},"end":{"line":12,"column":5}},"loc":{"start":{"line":12,"column":20},"end":{"line":18,"column":5}},"line":12},"2":{"name":"(anonymous_2)","decl":{"start":{"line":20,"column":4},"end":{"line":20,"column":5}},"loc":{"start":{"line":20,"column":24},"end":{"line":48,"column":5}},"line":20},"3":{"name":"(anonymous_3)","decl":{"start":{"line":50,"column":4},"end":{"line":50,"column":5}},"loc":{"start":{"line":50,"column":25},"end":{"line":54,"column":5}},"line":50},"4":{"name":"(anonymous_4)","decl":{"start":{"line":56,"column":4},"end":{"line":56,"column":5}},"loc":{"start":{"line":56,"column":27},"end":{"line":64,"column":5}},"line":56},"5":{"name":"(anonymous_5)","decl":{"start":{"line":66,"column":4},"end":{"line":66,"column":5}},"loc":{"start":{"line":66,"column":13},"end":{"line":68,"column":5}},"line":66}},"branchMap":{"0":{"loc":{"start":{"line":15,"column":8},"end":{"line":17,"column":9}},"type":"if","locations":[{"start":{"line":15,"column":8},"end":{"line":17,"column":9}},{"start":{"line":15,"column":8},"end":{"line":17,"column":9}}],"line":15},"1":{"loc":{"start":{"line":28,"column":8},"end":{"line":45,"column":9}},"type":"if","locations":[{"start":{"line":28,"column":8},"end":{"line":45,"column":9}},{"start":{"line":28,"column":8},"end":{"line":45,"column":9}}],"line":28},"2":{"loc":{"start":{"line":32,"column":12},"end":{"line":44,"column":13}},"type":"if","locations":[{"start":{"line":32,"column":12},"end":{"line":44,"column":13}},{"start":{"line":32,"column":12},"end":{"line":44,"column":13}}],"line":32},"3":{"loc":{"start":{"line":33,"column":16},"end":{"line":35,"column":17}},"type":"if","locations":[{"start":{"line":33,"column":16},"end":{"line":35,"column":17}},{"start":{"line":33,"column":16},"end":{"line":35,"column":17}}],"line":33},"4":{"loc":{"start":{"line":37,"column":16},"end":{"line":39,"column":17}},"type":"if","locations":[{"start":{"line":37,"column":16},"end":{"line":39,"column":17}},{"start":{"line":37,"column":16},"end":{"line":39,"column":17}}],"line":37},"5":{"loc":{"start":{"line":41,"column":16},"end":{"line":43,"column":17}},"type":"if","locations":[{"start":{"line":41,"column":16},"end":{"line":43,"column":17}},{"start":{"line":41,"column":16},"end":{"line":43,"column":17}}],"line":41}},"s":{"0":10,"1":10,"2":2,"3":2,"4":1,"5":12,"6":12,"7":10,"8":10,"9":10,"10":8,"11":3,"12":8,"13":3,"14":8,"15":3,"16":12,"17":12,"18":12,"19":1,"20":1,"21":1,"22":1,"23":1,"24":10,"25":4,"26":4},"f":{"0":10,"1":2,"2":12,"3":12,"4":1,"5":10},"b":{"0":[1,1],"1":[10,2],"2":[8,2],"3":[3,5],"4":[3,5],"5":[3,5]},"_coverageSchema":"332fd63041d2c1bcb487cc26dd0d5f7d97098a6c","hash":"f0ba94cc7d7a9c61a385419dc41e2e274456bfdc"},"/home/travis/build/springload/draftail/lib/api/behavior.js":{"path":"/home/travis/build/springload/draftail/lib/api/behavior.js","statementMap":{"0":{"start":{"line":20,"column":51},"end":{"line":20,"column":65}},"1":{"start":{"line":21,"column":15},"end":{"line":21,"column":33}},"2":{"start":{"line":25,"column":18},"end":{"line":25,"column":67}},"3":{"start":{"line":35,"column":24},"end":{"line":35,"column":50}},"4":{"start":{"line":39,"column":8},"end":{"line":45,"column":9}},"5":{"start":{"line":39,"column":37},"end":{"line":39,"column":67}},"6":{"start":{"line":40,"column":12},"end":{"line":44,"column":15}},"7":{"start":{"line":47,"column":8},"end":{"line":51,"column":11}},"8":{"start":{"line":47,"column":35},"end":{"line":47,"column":48}},"9":{"start":{"line":48,"column":12},"end":{"line":50,"column":15}},"10":{"start":{"line":53,"column":8},"end":{"line":53,"column":25}},"11":{"start":{"line":60,"column":21},"end":{"line":60,"column":36}},"12":{"start":{"line":62,"column":8},"end":{"line":62,"column":69}},"13":{"start":{"line":69,"column":27},"end":{"line":74,"column":9}},"14":{"start":{"line":70,"column":12},"end":{"line":73,"column":19}},"15":{"start":{"line":71,"column":16},"end":{"line":71,"column":47}},"16":{"start":{"line":72,"column":16},"end":{"line":72,"column":31}},"17":{"start":{"line":76,"column":23},"end":{"line":76,"column":45}},"18":{"start":{"line":77,"column":23},"end":{"line":77,"column":47}},"19":{"start":{"line":78,"column":25},"end":{"line":78,"column":48}},"20":{"start":{"line":81,"column":29},"end":{"line":146,"column":9}},"21":{"start":{"line":84,"column":12},"end":{"line":109,"column":13}},"22":{"start":{"line":87,"column":16},"end":{"line":108,"column":17}},"23":{"start":{"line":89,"column":24},"end":{"line":89,"column":41}},"24":{"start":{"line":91,"column":24},"end":{"line":91,"column":41}},"25":{"start":{"line":93,"column":24},"end":{"line":93,"column":41}},"26":{"start":{"line":95,"column":24},"end":{"line":95,"column":41}},"27":{"start":{"line":97,"column":24},"end":{"line":97,"column":79}},"28":{"start":{"line":99,"column":24},"end":{"line":101,"column":26}},"29":{"start":{"line":103,"column":24},"end":{"line":105,"column":26}},"30":{"start":{"line":107,"column":24},"end":{"line":107,"column":55}},"31":{"start":{"line":111,"column":28},"end":{"line":111,"column":64}},"32":{"start":{"line":113,"column":12},"end":{"line":145,"column":13}},"33":{"start":{"line":115,"column":20},"end":{"line":115,"column":54}},"34":{"start":{"line":117,"column":20},"end":{"line":117,"column":66}},"35":{"start":{"line":119,"column":20},"end":{"line":119,"column":68}},"36":{"start":{"line":121,"column":20},"end":{"line":121,"column":66}},"37":{"start":{"line":123,"column":20},"end":{"line":123,"column":71}},"38":{"start":{"line":125,"column":20},"end":{"line":125,"column":73}},"39":{"start":{"line":127,"column":20},"end":{"line":127,"column":71}},"40":{"start":{"line":130,"column":20},"end":{"line":130,"column":58}},"41":{"start":{"line":132,"column":20},"end":{"line":132,"column":68}},"42":{"start":{"line":134,"column":20},"end":{"line":134,"column":68}},"43":{"start":{"line":136,"column":20},"end":{"line":136,"column":70}},"44":{"start":{"line":138,"column":20},"end":{"line":138,"column":69}},"45":{"start":{"line":140,"column":20},"end":{"line":140,"column":69}},"46":{"start":{"line":142,"column":20},"end":{"line":142,"column":68}},"47":{"start":{"line":144,"column":20},"end":{"line":144,"column":51}},"48":{"start":{"line":148,"column":8},"end":{"line":148,"column":28}},"49":{"start":{"line":152,"column":8},"end":{"line":152,"column":42}},"50":{"start":{"line":156,"column":25},"end":{"line":156,"column":49}},"51":{"start":{"line":157,"column":23},"end":{"line":157,"column":50}},"52":{"start":{"line":159,"column":8},"end":{"line":159,"column":58}},"53":{"start":{"line":170,"column":8},"end":{"line":172,"column":20}},"54":{"start":{"line":170,"column":36},"end":{"line":170,"column":68}},"55":{"start":{"line":176,"column":8},"end":{"line":179,"column":10}},"56":{"start":{"line":183,"column":31},"end":{"line":183,"column":33}},"57":{"start":{"line":185,"column":8},"end":{"line":193,"column":11}},"58":{"start":{"line":186,"column":12},"end":{"line":192,"column":13}},"59":{"start":{"line":187,"column":16},"end":{"line":187,"column":57}},"60":{"start":{"line":188,"column":19},"end":{"line":192,"column":13}},"61":{"start":{"line":189,"column":16},"end":{"line":189,"column":74}},"62":{"start":{"line":191,"column":16},"end":{"line":191,"column":48}},"63":{"start":{"line":195,"column":8},"end":{"line":195,"column":30}},"64":{"start":{"line":214,"column":35},"end":{"line":214,"column":54}},"65":{"start":{"line":215,"column":38},"end":{"line":215,"column":50}},"66":{"start":{"line":217,"column":8},"end":{"line":221,"column":9}},"67":{"start":{"line":218,"column":12},"end":{"line":220,"column":15}},"68":{"start":{"line":223,"column":8},"end":{"line":225,"column":9}},"69":{"start":{"line":224,"column":12},"end":{"line":224,"column":45}},"70":{"start":{"line":227,"column":8},"end":{"line":236,"column":10}},"71":{"start":{"line":229,"column":44},"end":{"line":229,"column":50}},"72":{"start":{"line":230,"column":46},"end":{"line":230,"column":52}}},"fnMap":{"0":{"name":"(anonymous_0)","decl":{"start":{"line":39,"column":28},"end":{"line":39,"column":29}},"loc":{"start":{"line":39,"column":37},"end":{"line":39,"column":67}},"line":39},"1":{"name":"(anonymous_1)","decl":{"start":{"line":47,"column":26},"end":{"line":47,"column":27}},"loc":{"start":{"line":47,"column":35},"end":{"line":47,"column":48}},"line":47},"2":{"name":"(anonymous_2)","decl":{"start":{"line":47,"column":58},"end":{"line":47,"column":59}},"loc":{"start":{"line":47,"column":67},"end":{"line":51,"column":9}},"line":47},"3":{"name":"(anonymous_3)","decl":{"start":{"line":69,"column":27},"end":{"line":69,"column":28}},"loc":{"start":{"line":69,"column":42},"end":{"line":74,"column":9}},"line":69},"4":{"name":"(anonymous_4)","decl":{"start":{"line":70,"column":38},"end":{"line":70,"column":39}},"loc":{"start":{"line":70,"column":57},"end":{"line":73,"column":13}},"line":70},"5":{"name":"(anonymous_5)","decl":{"start":{"line":81,"column":29},"end":{"line":81,"column":30}},"loc":{"start":{"line":81,"column":34},"end":{"line":146,"column":9}},"line":81},"6":{"name":"(anonymous_6)","decl":{"start":{"line":170,"column":31},"end":{"line":170,"column":32}},"loc":{"start":{"line":170,"column":36},"end":{"line":170,"column":68}},"line":170},"7":{"name":"(anonymous_7)","decl":{"start":{"line":185,"column":29},"end":{"line":185,"column":30}},"loc":{"start":{"line":185,"column":38},"end":{"line":193,"column":9}},"line":185},"8":{"name":"(anonymous_8)","decl":{"start":{"line":229,"column":39},"end":{"line":229,"column":40}},"loc":{"start":{"line":229,"column":44},"end":{"line":229,"column":50}},"line":229},"9":{"name":"(anonymous_9)","decl":{"start":{"line":230,"column":41},"end":{"line":230,"column":42}},"loc":{"start":{"line":230,"column":46},"end":{"line":230,"column":52}},"line":230}},"branchMap":{"0":{"loc":{"start":{"line":39,"column":8},"end":{"line":45,"column":9}},"type":"if","locations":[{"start":{"line":39,"column":8},"end":{"line":45,"column":9}},{"start":{"line":39,"column":8},"end":{"line":45,"column":9}}],"line":39},"1":{"loc":{"start":{"line":84,"column":12},"end":{"line":109,"column":13}},"type":"if","locations":[{"start":{"line":84,"column":12},"end":{"line":109,"column":13}},{"start":{"line":84,"column":12},"end":{"line":109,"column":13}}],"line":84},"2":{"loc":{"start":{"line":87,"column":16},"end":{"line":108,"column":17}},"type":"switch","locations":[{"start":{"line":88,"column":20},"end":{"line":89,"column":41}},{"start":{"line":90,"column":20},"end":{"line":91,"column":41}},{"start":{"line":92,"column":20},"end":{"line":93,"column":41}},{"start":{"line":94,"column":20},"end":{"line":95,"column":41}},{"start":{"line":96,"column":20},"end":{"line":97,"column":79}},{"start":{"line":98,"column":20},"end":{"line":101,"column":26}},{"start":{"line":102,"column":20},"end":{"line":105,"column":26}},{"start":{"line":106,"column":20},"end":{"line":107,"column":55}}],"line":87},"3":{"loc":{"start":{"line":97,"column":31},"end":{"line":97,"column":78}},"type":"binary-expr","locations":[{"start":{"line":97,"column":31},"end":{"line":97,"column":40}},{"start":{"line":97,"column":44},"end":{"line":97,"column":78}}],"line":97},"4":{"loc":{"start":{"line":100,"column":28},"end":{"line":100,"column":77}},"type":"binary-expr","locations":[{"start":{"line":100,"column":28},"end":{"line":100,"column":37}},{"start":{"line":100,"column":41},"end":{"line":100,"column":77}}],"line":100},"5":{"loc":{"start":{"line":104,"column":28},"end":{"line":104,"column":79}},"type":"binary-expr","locations":[{"start":{"line":104,"column":28},"end":{"line":104,"column":37}},{"start":{"line":104,"column":41},"end":{"line":104,"column":79}}],"line":104},"6":{"loc":{"start":{"line":111,"column":28},"end":{"line":111,"column":64}},"type":"binary-expr","locations":[{"start":{"line":111,"column":29},"end":{"line":111,"column":38}},{"start":{"line":111,"column":42},"end":{"line":111,"column":51}},{"start":{"line":111,"column":56},"end":{"line":111,"column":64}}],"line":111},"7":{"loc":{"start":{"line":113,"column":12},"end":{"line":145,"column":13}},"type":"switch","locations":[{"start":{"line":114,"column":16},"end":{"line":115,"column":54}},{"start":{"line":116,"column":16},"end":{"line":117,"column":66}},{"start":{"line":118,"column":16},"end":{"line":119,"column":68}},{"start":{"line":120,"column":16},"end":{"line":121,"column":66}},{"start":{"line":122,"column":16},"end":{"line":123,"column":71}},{"start":{"line":124,"column":16},"end":{"line":125,"column":73}},{"start":{"line":126,"column":16},"end":{"line":127,"column":71}},{"start":{"line":128,"column":16},"end":{"line":130,"column":58}},{"start":{"line":131,"column":16},"end":{"line":132,"column":68}},{"start":{"line":133,"column":16},"end":{"line":134,"column":68}},{"start":{"line":135,"column":16},"end":{"line":136,"column":70}},{"start":{"line":137,"column":16},"end":{"line":138,"column":69}},{"start":{"line":139,"column":16},"end":{"line":140,"column":69}},{"start":{"line":141,"column":16},"end":{"line":142,"column":68}},{"start":{"line":143,"column":16},"end":{"line":144,"column":51}}],"line":113},"8":{"loc":{"start":{"line":115,"column":27},"end":{"line":115,"column":53}},"type":"binary-expr","locations":[{"start":{"line":115,"column":27},"end":{"line":115,"column":36}},{"start":{"line":115,"column":40},"end":{"line":115,"column":53}}],"line":115},"9":{"loc":{"start":{"line":117,"column":27},"end":{"line":117,"column":65}},"type":"binary-expr","locations":[{"start":{"line":117,"column":27},"end":{"line":117,"column":36}},{"start":{"line":117,"column":40},"end":{"line":117,"column":65}}],"line":117},"10":{"loc":{"start":{"line":119,"column":27},"end":{"line":119,"column":67}},"type":"binary-expr","locations":[{"start":{"line":119,"column":27},"end":{"line":119,"column":36}},{"start":{"line":119,"column":40},"end":{"line":119,"column":67}}],"line":119},"11":{"loc":{"start":{"line":121,"column":27},"end":{"line":121,"column":65}},"type":"binary-expr","locations":[{"start":{"line":121,"column":27},"end":{"line":121,"column":36}},{"start":{"line":121,"column":40},"end":{"line":121,"column":65}}],"line":121},"12":{"loc":{"start":{"line":123,"column":27},"end":{"line":123,"column":70}},"type":"binary-expr","locations":[{"start":{"line":123,"column":27},"end":{"line":123,"column":36}},{"start":{"line":123,"column":40},"end":{"line":123,"column":70}}],"line":123},"13":{"loc":{"start":{"line":125,"column":27},"end":{"line":125,"column":72}},"type":"binary-expr","locations":[{"start":{"line":125,"column":27},"end":{"line":125,"column":36}},{"start":{"line":125,"column":40},"end":{"line":125,"column":72}}],"line":125},"14":{"loc":{"start":{"line":127,"column":27},"end":{"line":127,"column":70}},"type":"binary-expr","locations":[{"start":{"line":127,"column":27},"end":{"line":127,"column":36}},{"start":{"line":127,"column":40},"end":{"line":127,"column":70}}],"line":127},"15":{"loc":{"start":{"line":130,"column":27},"end":{"line":130,"column":57}},"type":"binary-expr","locations":[{"start":{"line":130,"column":27},"end":{"line":130,"column":34}},{"start":{"line":130,"column":38},"end":{"line":130,"column":57}}],"line":130},"16":{"loc":{"start":{"line":132,"column":27},"end":{"line":132,"column":67}},"type":"binary-expr","locations":[{"start":{"line":132,"column":27},"end":{"line":132,"column":34}},{"start":{"line":132,"column":38},"end":{"line":132,"column":67}}],"line":132},"17":{"loc":{"start":{"line":134,"column":27},"end":{"line":134,"column":67}},"type":"binary-expr","locations":[{"start":{"line":134,"column":27},"end":{"line":134,"column":34}},{"start":{"line":134,"column":38},"end":{"line":134,"column":67}}],"line":134},"18":{"loc":{"start":{"line":136,"column":27},"end":{"line":136,"column":69}},"type":"binary-expr","locations":[{"start":{"line":136,"column":27},"end":{"line":136,"column":34}},{"start":{"line":136,"column":38},"end":{"line":136,"column":69}}],"line":136},"19":{"loc":{"start":{"line":138,"column":27},"end":{"line":138,"column":68}},"type":"binary-expr","locations":[{"start":{"line":138,"column":27},"end":{"line":138,"column":34}},{"start":{"line":138,"column":38},"end":{"line":138,"column":68}}],"line":138},"20":{"loc":{"start":{"line":140,"column":27},"end":{"line":140,"column":68}},"type":"binary-expr","locations":[{"start":{"line":140,"column":27},"end":{"line":140,"column":34}},{"start":{"line":140,"column":38},"end":{"line":140,"column":68}}],"line":140},"21":{"loc":{"start":{"line":142,"column":27},"end":{"line":142,"column":67}},"type":"binary-expr","locations":[{"start":{"line":142,"column":27},"end":{"line":142,"column":34}},{"start":{"line":142,"column":38},"end":{"line":142,"column":67}}],"line":142},"22":{"loc":{"start":{"line":155,"column":30},"end":{"line":155,"column":49}},"type":"default-arg","locations":[{"start":{"line":155,"column":40},"end":{"line":155,"column":49}}],"line":155},"23":{"loc":{"start":{"line":157,"column":23},"end":{"line":157,"column":50}},"type":"cond-expr","locations":[{"start":{"line":157,"column":33},"end":{"line":157,"column":40}},{"start":{"line":157,"column":43},"end":{"line":157,"column":50}}],"line":157},"24":{"loc":{"start":{"line":159,"column":15},"end":{"line":159,"column":57}},"type":"binary-expr","locations":[{"start":{"line":159,"column":16},"end":{"line":159,"column":24}},{"start":{"line":159,"column":28},"end":{"line":159,"column":44}},{"start":{"line":159,"column":49},"end":{"line":159,"column":57}}],"line":159},"25":{"loc":{"start":{"line":170,"column":15},"end":{"line":172,"column":19}},"type":"cond-expr","locations":[{"start":{"line":171,"column":14},"end":{"line":171,"column":35}},{"start":{"line":172,"column":14},"end":{"line":172,"column":19}}],"line":170},"26":{"loc":{"start":{"line":177,"column":12},"end":{"line":178,"column":47}},"type":"binary-expr","locations":[{"start":{"line":177,"column":12},"end":{"line":177,"column":66}},{"start":{"line":178,"column":12},"end":{"line":178,"column":47}}],"line":177},"27":{"loc":{"start":{"line":186,"column":12},"end":{"line":192,"column":13}},"type":"if","locations":[{"start":{"line":186,"column":12},"end":{"line":192,"column":13}},{"start":{"line":186,"column":12},"end":{"line":192,"column":13}}],"line":186},"28":{"loc":{"start":{"line":188,"column":19},"end":{"line":192,"column":13}},"type":"if","locations":[{"start":{"line":188,"column":19},"end":{"line":192,"column":13}},{"start":{"line":188,"column":19},"end":{"line":192,"column":13}}],"line":188},"29":{"loc":{"start":{"line":217,"column":8},"end":{"line":221,"column":9}},"type":"if","locations":[{"start":{"line":217,"column":8},"end":{"line":221,"column":9}},{"start":{"line":217,"column":8},"end":{"line":221,"column":9}}],"line":217},"30":{"loc":{"start":{"line":223,"column":8},"end":{"line":225,"column":9}},"type":"if","locations":[{"start":{"line":223,"column":8},"end":{"line":225,"column":9}},{"start":{"line":223,"column":8},"end":{"line":225,"column":9}}],"line":223}},"s":{"0":8,"1":8,"2":8,"3":104,"4":104,"5":4,"6":2,"7":104,"8":4,"9":2,"10":104,"11":10,"12":10,"13":109,"14":327,"15":45,"16":45,"17":109,"18":109,"19":109,"20":109,"21":45,"22":12,"23":2,"24":1,"25":1,"26":1,"27":2,"28":2,"29":2,"30":1,"31":33,"32":33,"33":3,"34":3,"35":2,"36":2,"37":2,"38":2,"39":2,"40":2,"41":4,"42":2,"43":2,"44":2,"45":2,"46":2,"47":1,"48":109,"49":24,"50":16,"51":16,"52":16,"53":8,"54":5,"55":5,"56":104,"57":104,"58":5,"59":2,"60":3,"61":2,"62":1,"63":104,"64":5,"65":5,"66":5,"67":2,"68":5,"69":4,"70":5,"71":1,"72":1},"f":{"0":4,"1":4,"2":2,"3":327,"4":45,"5":45,"6":5,"7":5,"8":1,"9":1},"b":{"0":[2,102],"1":[12,33],"2":[2,1,1,1,2,2,2,1],"3":[2,1],"4":[2,1],"5":[2,1],"6":[33,21,24],"7":[3,3,2,2,2,2,2,2,4,2,2,2,2,2,1],"8":[3,2],"9":[3,2],"10":[2,1],"11":[2
[...]
umn":8},"end":{"line":279,"column":10}},"79":{"start":{"line":289,"column":26},"end":{"line":289,"column":52}},"80":{"start":{"line":290,"column":25},"end":{"line":293,"column":9}},"81":{"start":{"line":294,"column":25},"end":{"line":294,"column":49}},"82":{"start":{"line":295,"column":25},"end":{"line":295,"column":48}},"83":{"start":{"line":296,"column":33},"end":{"line":296,"column":65}},"84":{"start":{"line":298,"column":25},"end":{"line":300,"column":45}},"85":{"start":{"line":302,"column":8},"end":{"line":304,"column":11}},"86":{"start":{"line":306,"column":8},"end":{"line":306,"column":72}},"87":{"start":{"line":314,"column":24},"end":{"line":314,"column":55}},"88":{"start":{"line":315,"column":26},"end":{"line":315,"column":52}},"89":{"start":{"line":317,"column":8},"end":{"line":319,"column":9}},"90":{"start":{"line":318,"column":12},"end":{"line":318,"column":60}},"91":{"start":{"line":321,"column":25},"end":{"line":321,"column":76}},"92":{"start":{"line":322,"column":25},"end":{"line":322,"column":55}},"93":{"start":{"line":323,"column":22},"end":{"line":323,"column":71}},"94":{"start":{"line":324,"column":8},"end":{"line":330,"column":10}},"95":{"start":{"line":331,"column":8},"end":{"line":331,"column":76}},"96":{"start":{"line":339,"column":26},"end":{"line":339,"column":52}},"97":{"start":{"line":341,"column":8},"end":{"line":343,"column":9}},"98":{"start":{"line":342,"column":12},"end":{"line":342,"column":25}},"99":{"start":{"line":345,"column":24},"end":{"line":345,"column":55}},"100":{"start":{"line":346,"column":25},"end":{"line":346,"column":48}},"101":{"start":{"line":347,"column":22},"end":{"line":347,"column":54}},"102":{"start":{"line":348,"column":26},"end":{"line":348,"column":41}},"103":{"start":{"line":349,"column":28},"end":{"line":352,"column":29}},"104":{"start":{"line":354,"column":8},"end":{"line":381,"column":9}},"105":{"start":{"line":359,"column":12},"end":{"line":359,"column":60}},"106":{"start":{"line":360,"column":15},"end":{"line":381,"column":9}},"107":{"start":{"line":361,"column":26},"end":{"line":361,"column":42}},"108":{"start":{"line":363,"column":12},"end":{"line":369,"column":13}},"109":{"start":{"line":364,"column":16},"end":{"line":368,"column":18}},"110":{"start":{"line":371,"column":29},"end":{"line":371,"column":50}},"111":{"start":{"line":372,"column":29},"end":{"line":372,"column":58}},"112":{"start":{"line":374,"column":12},"end":{"line":380,"column":14}},"113":{"start":{"line":383,"column":8},"end":{"line":383,"column":21}},"114":{"start":{"line":396,"column":8},"end":{"line":398,"column":9}},"115":{"start":{"line":397,"column":12},"end":{"line":397,"column":50}},"116":{"start":{"line":400,"column":24},"end":{"line":400,"column":55}},"117":{"start":{"line":401,"column":26},"end":{"line":401,"column":52}},"118":{"start":{"line":402,"column":20},"end":{"line":402,"column":43}},"119":{"start":{"line":403,"column":23},"end":{"line":403,"column":49}},"120":{"start":{"line":404,"column":22},"end":{"line":404,"column":49}},"121":{"start":{"line":406,"column":40},"end":{"line":408,"column":9}},"122":{"start":{"line":410,"column":8},"end":{"line":429,"column":9}},"123":{"start":{"line":412,"column":16},"end":{"line":414,"column":39}},"124":{"start":{"line":416,"column":12},"end":{"line":426,"column":13}},"125":{"start":{"line":417,"column":16},"end":{"line":425,"column":18}},"126":{"start":{"line":428,"column":12},"end":{"line":428,"column":25}},"127":{"start":{"line":431,"column":8},"end":{"line":431,"column":51}}},"fnMap":{"0":{"name":"(anonymous_0)","decl":{"start":{"line":71,"column":12},"end":{"line":71,"column":13}},"loc":{"start":{"line":71,"column":21},"end":{"line":71,"column":54}},"line":71},"1":{"name":"(anonymous_1)","decl":{"start":{"line":72,"column":12},"end":{"line":72,"column":13}},"loc":{"start":{"line":72,"column":28},"end":{"line":77,"column":13}},"line":72},"2":{"name":"(anonymous_2)","decl":{"start":{"line":253,"column":25},"end":{"line":253,"column":26}},"loc":{"start":{"line":253,"column":67},"end":{"line":261,"column":9}},"line":253},"3":{"name":"(anonymous_3)","decl":{"start":{"line":254,"column":42},"end":{"line":254,"column":43}},"loc":{"start":{"line":254,"column":55},"end":{"line":260,"column":13}},"line":254}},"branchMap":{"0":{"loc":{"start":{"line":39,"column":8},"end":{"line":43,"column":9}},"type":"if","locations":[{"start":{"line":39,"column":8},"end":{"line":43,"column":9}},{"start":{"line":39,"column":8},"end":{"line":43,"column":9}}],"line":39},"1":{"loc":{"start":{"line":39,"column":12},"end":{"line":39,"column":40}},"type":"binary-expr","locations":[{"start":{"line":39,"column":12},"end":{"line":39,"column":25}},{"start":{"line":39,"column":29},"end":{"line":39,"column":40}}],"line":39},"2":{"loc":{"start":{"line":41,"column":15},"end":{"line":43,"column":9}},"type":"if","locations":[{"start":{"line":41,"column":15},"end":{"line":43,"column":9}},{"start":{"line":41,"column":15},"end":{"line":43,"column":9}}],"line":41},"3":{"loc":{"start":{"line":48,"column":12},"end":{"line":51,"column":13}},"type":"if","locations":[{"start":{"line":48,"column":12},"end":{"line":51,"column":13}},{"start":{"line":48,"column":12},"end":{"line":51,"column":13}}],"line":48},"4":{"loc":{"start":{"line":52,"column":12},"end":{"line":57,"column":13}},"type":"if","locations":[{"start":{"line":52,"column":12},"end":{"line":57,"column":13}},{"start":{"line":52,"column":12},"end":{"line":57,"column":13}}],"line":52},"5":{"loc":{"start":{"line":54,"column":19},"end":{"line":57,"column":13}},"type":"if","locations":[{"start":{"line":54,"column":19},"end":{"line":57,"column":13}},{"start":{"line":54,"column":19},"end":{"line":57,"column":13}}],"line":54},"6":{"loc":{"start":{"line":233,"column":8},"end":{"line":243,"column":9}},"type":"if","locations":[{"start":{"line":233,"column":8},"end":{"line":243,"column":9}},{"start":{"line":233,"column":8},"end":{"line":243,"column":9}}],"line":233},"7":{"loc":{"start":{"line":234,"column":12},"end":{"line":236,"column":24}},"type":"binary-expr","locations":[{"start":{"line":234,"column":12},"end":{"line":234,"column":35}},{"start":{"line":235,"column":12},"end":{"line":235,"column":49}},{"start":{"line":236,"column":12},"end":{"line":236,"column":24}}],"line":234},"8":{"loc":{"start":{"line":257,"column":20},"end":{"line":258,"column":78}},"type":"binary-expr","locations":[{"start":{"line":257,"column":20},"end":{"line":257,"column":38}},{"start":{"line":258,"column":20},"end":{"line":258,"column":78}}],"line":257},"9":{"loc":{"start":{"line":274,"column":12},"end":{"line":278,"column":50}},"type":"binary-expr","locations":[{"start":{"line":274,"column":12},"end":{"line":274,"column":34}},{"start":{"line":275,"column":12},"end":{"line":278,"column":50}}],"line":274},"10":{"loc":{"start":{"line":317,"column":8},"end":{"line":319,"column":9}},"type":"if","locations":[{"start":{"line":317,"column":8},"end":{"line":319,"column":9}},{"start":{"line":317,"column":8},"end":{"line":319,"column":9}}],"line":317},"11":{"loc":{"start":{"line":341,"column":8},"end":{"line":343,"column":9}},"type":"if","locations":[{"start":{"line":341,"column":8},"end":{"line":343,"column":9}},{"start":{"line":341,"column":8},"end":{"line":343,"column":9}}],"line":341},"12":{"loc":{"start":{"line":354,"column":8},"end":{"line":381,"column":9}},"type":"if","locations":[{"start":{"line":354,"column":8},"end":{"line":381,"column":9}},{"start":{"line":354,"column":8},"end":{"line":381,"column":9}}],"line":354},"13":{"loc":{"start":{"line":355,"column":12},"end":{"line":357,"column":60}},"type":"binary-expr","locations":[{"start":{"line":355,"column":12},"end":{"line":355,"column":24}},{"start":{"line":356,"column":12},"end":{"line":356,"column":51}},{"start":{"line":357,"column":12},"end":{"line":357,"column":60}}],"line":355},"14":{"loc":{"start":{"line":360,"column":15},"end":{"line":381,"column":9}},"type":"if","locations":[{"start":{"line":360,"column":15},"end":{"line":381,"column":9}},{"start":{"line":360,"column":15},"end":{"line":381,"column":9}}],"line":360},"15":{"loc":{"start":{"line":360,"column":19},"end":{"line":360,"column":57}},"type":"binary-expr","locations":[{"start":{"line":360,"column":19},"end":{"line":360,"column":30}},{"start":{"line":360,"column":34},"end":{"line":360,"column":57}}],"line":360},"16":{"loc":{"start":{"line":363,"column":12},"end":{"line":369,"column":13}},"type":"if","locations":[{"start":{"line":363,"column":12},"end":{"line":369,"column":13}},{"start":{"line":363,"column":12},"end":{"line":369,"column":13}}],"line":363},"17":{"loc":{"start":{"line":396,"column":8},"end":{"line":398,"column":9}},"type":"if","locations":[{"start":{"line":396,"column":8},"end":{"line":398,"column":9}},{"start":{"line":396,"column":8},"end":{"line":398,"column":9}}],"line":396},"18":{"loc":{"start":{"line":410,"column":8},"end":{"line":429,"column":9}},"type":"if","locations":[{"start":{"line":410,"column":8},"end":{"line":429,"column":9}},{"start":{"line":410,"column":8},"end":{"line":429,"column":9}}],"line":410},"19":{"loc":{"start":{"line":412,"column":16},"end":{"line":414,"column":39}},"type":"binary-expr","locations":[{"start":{"line":412,"column":16},"end":{"line":412,"column":39}},{"start":{"line":413,"column":16},"end":{"line":413,"column":28}},{"start":{"line":414,"column":16},"end":{"line":414,"column":39}}],"line":412},"20":{"loc":{"start":{"line":416,"column":12},"end":{"line":426,"column":13}},"type":"if","locations":[{"start":{"line":416,"column":12},"end":{"line":426,"column":13}},{"start":{"line":416,"column":12},"end":{"line":426,"column":13}}],"line":416}},"s":{"0":111,"1":111,"2":111,"3":11,"4":11,"5":11,"6":11,"7":8,"8":3,"9":1,"10":11,"11":11,"12":14,"13":14,"14":6,"15":6,"16":8,"17":5,"18":3,"19":1,"20":1,"21":11,"22":1,"23":1,"24":1,"25":2,"26":1,"27":1,"28":1,"29":1,"30":1,"31":1,"32":3,"33":3,"34":3,"35":3,"36":3,"37":3,"38":3,"39":3,"40":3,"41":3,"42":3,"43":3,"44":3,"45":4,"46":4,"47":3,"48":3,"49":3,"50":3,"51":2,"52":2,"53":2,"54":2,"55":2,"56":2,"57":2,"58":2,"59":2,"60":2,"61":2,"62":2,"63":2,"64":5,"65":5,"66":5,"67":5,"68":5,"69":5,"70":1,"71":4,"72":1,"73":1,"74":1,"75":1,"76":1,"77":58,"78":58,"79":2,"80":2,"81":2,"82":2,"83":2,"84":2,"85":2,"86":2,"87":5,"88":5,"89":5,"90":3,"91":2,"92":2,"93":2,"94":2,"95":2,"96":9,"97":9,"98":1,"99":8,"100":8,"101":8,"102":8,"103":8,"104":8,"105":1,"106":7,"107":2,"108":2,"109":1,"110":1,"111":1,"112":1,"113":5,"114":6,"115":2,"116":4,"117":4,"118":4,"119":4,"120":4,"121":4,"122":4,"123":2,"124":2,"125":1,"126":1,"127":2},"f":{"0":2,"1":1,"2":1,"3":1},"b":{"0":[8,3],"1":[11,9],"2":[1,2],"3":[6,8],"4":[5,3],"5":[1,2],"6":[1,4],"7":[5,4,2],"8":[1,1],"9":[58,52],"10":[3,2],"11":[1,8],"12":[1,7],"13":[8,5,3],"14":[2,5],"15":[7,3],"16":[1,1],"17":[2,4],"18":[2,2],"19":[2,2,2],"20":[1,1]},"_coverageSchema":"332fd63041d2c1bcb487cc26dd0d5f7d97098a6c","hash":"8d51e1db7435ec4faee01575477a2e753f009346"},"/home/travis/build/springload/draftail/lib/components/Toolbar.js":{"path":"/home/travis/build/springload/draftail/lib/components/Toolbar.js","statementMap":{"0":{"start":{"line":7,"column":16},"end":{"line":25,"column":1}},"1":{"start":{"line":8,"column":51},"end":{"line":8,"column":56}},"2":{"start":{"line":9,"column":4},"end":{"line":24,"column":6}},"3":{"start":{"line":15,"column":20},"end":{"line":20,"column":22}},"4":{"start":{"line":27,"column":0},"end":{"line":31,"column":2}}},"fnMap":{"0":{"name":"(anonymous_0)","decl":{"start":{"line":7,"column":16},"end":{"line":7,"column":17}},"loc":{"start":{"line":7,"column":25},"end":{"line":25,"column":1}},"line":7},"1":{"name":"(anonymous_1)","decl":{"start":{"line":14,"column":30},"end":{"line":14,"column":31}},"loc":{"start":{"line":15,"column":20},"end":{"line":20,"column":22}},"line":15}},"branchMap":{},"s":{"0":6,"1":12,"2":12,"3":1,"4":6},"f":{"0":12,"1":1},"b":{},"_coverageSchema":"332fd63041d2c1bcb487cc26dd0d5f7d97098a6c","hash":"5eaa712f97343d504ee83dcabf66d7309d08610c"},"/home/travis/build/springload/draftail/lib/components/ToolbarDefaults.js":{"path":"/home/travis/build/springload/draftail/lib/components/ToolbarDefaults.js","statementMap":{"0":{"start":{"line":17,"column":23},"end":{"line":18,"column":9}},"1":{"start":{"line":18,"column":4},"end":{"line":18,"column":9}},"2":{"start":{"line":20,"column":23},"end":{"line":30,"column":1}},"3":{"start":{"line":21,"column":24},"end":{"line":21,"column":58}},"4":{"start":{"line":22,"column":16},"end":{"line":22,"column":27}},"5":{"start":{"line":24,"column":4},"end":{"line":27,"column":5}},"6":{"start":{"line":25,"column":21},"end":{"line":25,"column":58}},"7":{"start":{"line":26,"column":8},"end":{"line":26,"column":63}},"8":{"start":{"line":29,"column":4},"end":{"line":29,"column":17}},"9":{"start":{"line":51,"column":12},"end":{"line":51,"column":22}},"10":{"start":{"line":52,"column":8},"end":{"line":163,"column":10}},"11":{"start":{"line":55,"column":20},"end":{"line":63,"column":22}},"12":{"start":{"line":69,"column":20},"end":{"line":77,"column":22}},"13":{"start":{"line":119,"column":20},"end":{"line":126,"column":22}},"14":{"start":{"line":167,"column":0},"end":{"line":239,"column":2}}},"fnMap":{"0":{"name":"(anonymous_0)","decl":{"start":{"line":17,"column":23},"end":{"line":17,"column":24}},"loc":{"start":{"line":18,"column":4},"end":{"line":18,"column":9}},"line":18},"1":{"name":"(anonymous_1)","decl":{"start":{"line":20,"column":23},"end":{"line":20,"column":24}},"loc":{"start":{"line":20,"column":67},"end":{"line":30,"column":1}},"line":20},"2":{"name":"(anonymous_2)","decl":{"start":{"line":34,"column":4},"end":{"line":34,"column":5}},"loc":{"start":{"line":34,"column":13},"end":{"line":164,"column":5}},"line":34},"3":{"name":"(anonymous_3)","decl":{"start":{"line":54,"column":34},"end":{"line":54,"column":35}},"loc":{"start":{"line":55,"column":20},"end":{"line":63,"column":22}},"line":55},"4":{"name":"(anonymous_4)","decl":{"start":{"line":68,"column":32},"end":{"line":68,"column":33}},"loc":{"start":{"line":69,"column":20},"end":{"line":77,"column":22}},"line":69},"5":{"name":"(anonymous_5)","decl":{"start":{"line":118,"column":33},"end":{"line":118,"column":34}},"loc":{"start":{"line":119,"column":20},"end":{"line":126,"column":22}},"line":119}},"branchMap":{"0":{"loc":{"start":{"line":17,"column":36},"end":{"line":17,"column":70}},"type":"default-arg","locations":[{"start":{"line":17,"column":44},"end":{"line":17,"column":70}}],"line":17},"1":{"loc":{"start":{"line":17,"column":44},"end":{"line":17,"column":70}},"type":"cond-expr","locations":[{"start":{"line":17,"column":51},"end":{"line":17,"column":55}},{"start":{"line":17,"column":58},"end":{"line":17,"column":70}}],"line":17},"2":{"loc":{"start":{"line":20,"column":30},"end":{"line":20,"column":62}},"type":"default-arg","locations":[{"start":{"line":20,"column":44},"end":{"line":20,"column":62}}],"line":20},"3":{"loc":{"start":{"line":24,"column":4},"end":{"line":27,"column":5}},"type":"if","locations":[{"start":{"line":24,"column":4},"end":{"line":27,"column":5}},{"start":{"line":24,"column":4},"end":{"line":27,"column":5}}],"line":24},"4":{"loc":{"start":{"line":25,"column":21},"end":{"line":25,"column":58}},"type":"cond-expr","locations":[{"start":{"line":25,"column":35},"end":{"line":25,"column":53}},{"start":{"line":25,"column":56},"end":{"line":25,"column":58}}],"line":25},"5":{"loc":{"start":{"line":82,"column":17},"end":{"line":97,"column":24}},"type":"cond-expr","locations":[{"start":{"line":83,"column":20},"end":{"line":96,"column":22}},{"start":{"line":97,"column":20},"end":{"line":97,"column":24}}],"line":82},"6":{"loc":{"start":{"line":99,"column":17},"end":{"line":114,"column":24}},"type":"cond-expr","locations":[{"start":{"line":100,"column":20},"end":{"line":113,"column":22}},{"start":{"line":114,"column":20},"end":{"line":114,"column":24}}],"line":99},"7":{"loc":{"start":{"line":131,"column":17},"end":{"line":145,"column":24}},"type":"cond-expr","locations":[{"start":{"line":132,"column":20},"end":{"line":144,"column":22}},{"start":{"line":145,"column":20},"end":{"line":145,"column":24}}],"line":131},"8":{"loc":{"start":{"line":147,"column":17},"end":{"line":161,"column":24}},"type":"cond-expr","locations":[{"start":{"line":148,"column":20},"end":{"line":160,"column":22}},{"start":{"line":161,"column":20},"end":{"line":161,"column":24}}],"line":147}},"s":{"0":7,"1":22,"2":7,"3":22,"4":22,"5":22,"6":13,"7":13,"8":22,"9":24,"10":24,"11":8,"12":3,"13":3,"14":7},"f":{"0":22,"1":22,"2":24,"3":8,"4":3,"5":3},"b":{"0":[8],"1":[1,7],"2":[16],"3":[13,9],"4":[12,1],"5":[2,22],"6":[2,22],"7":[2,22],"8":[2,22]},"_coverageSchema":"332fd63041d2c1bcb487cc26dd0d5f7d97098a6c","hash":"90da27ad3d9572170f4955128c808414ef1d2aa7"},"/home/travis/build/springload/draftail/examples/blocks/EmbedBlock.js":{"path":"/home/travis/build/springload/draftail/examples/blocks/EmbedBlock.js","statementMap":{"0":{"start":{"line":6,"column":18},"end":{"line":10,"column":1}},"1":{"start":{"line":15,"column":19},"end":{"line":40,"column":1}},"2":{"start":{"line":16,"column":53},"end":{"line":16,"column":69}},"3":{"start":{"line":17,"column":38},"end":{"line":17,"column":54}},"4":{"start":{"line":19,"column":4},"end":{"line":39,"column":6}},"5":{"start":{"line":42,"column":0},"end":{"line":42,"column":33}}},"fnMap":{"0":{"name":"(anonymous_0)","decl":{"start":{"line":15,"column":19},"end":{"line":15,"column":20}},"loc":{"start":{"line":15,"column":28},"end":{"line":40,"column":1}},"line":15}},"branchMap":{},"s":{"0":1,"1":1,"2":1,"3":1,"4":1,"5":1},"f":{"0":1},"b":{},"_coverageSchema":"332fd63041d2c1bcb487cc26dd0d5f7d97098a6c","hash":"f583da3d5529e9262cc476c6971f2b0ff7d7abc9"},"/home/travis/build/springload/draftail/examples/blocks/ImageBlock.js":{"path":"/home/travis/build/springload/draftail/examples/blocks/ImageBlock.js","statementMap":{"0":{"start":{"line":7,"column":18},"end":{"line":14,"column":1}},"1":{"start":{"line":21,"column":8},"end":{"line":21,"column":21}},"2":{"start":{"line":23,"column":8},"end":{"line":23,"column":51}},"3":{"start":{"line":27,"column":38},"end":{"line":27,"column":48}},"4":{"start":{"line":28,"column":42},"end":{"line":28,"column":52}},"5":{"start":{"line":30,"column":21},"end":{"line":32,"column":9}},"6":{"start":{"line":34,"column":8},"end":{"line":34,"column":73}},"7":{"start":{"line":38,"column":31},"end":{"line":38,"column":41}},"8":{"start":{"line":39,"column":57},"end":{"line":39,"column":67}},"9":{"start":{"line":40,"column":29},"end":{"line":40,"column":45}},"10":{"start":{"line":42,"column":8},"end":{"line":60,"column":10}},"11":{"start":{"line":64,"column":0},"end":{"line":64,"column":33}}},"fnMap":{"0":{"name":"(anonymous_0)","decl":{"start":{"line":20,"column":4},"end":{"line":20,"column":5}},"loc":{"start":{"line":20,"column":23},"end":{"line":24,"column":5}},"line":20},"1":{"name":"(anonymous_1)","decl":{"start":{"line":26,"column":4},"end":{"line":26,"column":5}},"loc":{"start":{"line":26,"column":17},"end":{"line":35,"column":5}},"line":26},"2":{"name":"(anonymous_2)","decl":{"start":{"line":37,"column":4},"end":{"line":37,"column":5}},"loc":{"start":{"line":37,"column":13},"end":{"line":61,"column":5}},"line":37}},"branchMap":{"0":{"loc":{"start":{"line":43,"column":57},"end":{"line":43,"column":66}},"type":"binary-expr","locations":[{"start":{"line":43,"column":57},"end":{"line":43,"column":60}},{"start":{"line":43,"column":64},"end":{"line":43,"column":66}}],"line":43},"1":{"loc":{"start":{"line":48,"column":31},"end":{"line":48,"column":40}},"type":"binary-expr","locations":[{"start":{"line":48,"column":31},"end":{"line":48,"column":34}},{"start":{"line":48,"column":38},"end":{"line":48,"column":40}}],"line":48}},"s":{"0":1,"1":3,"2":3,"3":1,"4":1,"5":1,"6":1,"7":3,"8":3,"9":3,"10":3,"11":1},"f":{"0":3,"1":1,"2":3},"b":{"0":[3,1],"1":[3,1]},"_coverageSchema":"332fd63041d2c1bcb487cc26dd0d5f7d97098a6c","hash":"ce2bc26a3cfc6c683702e1ef395ad4a1773d5074"}}}